#
# There is insufficient memory for the Java Runtime Environment to continue.
# Native memory allocation (mmap) failed to map 327155712 bytes for G1 virtual space
# Possible reasons:
#   The system is out of physical RAM or swap space
#   The process is running with CompressedOops enabled, and the Java Heap may be blocking the growth of the native heap
# Possible solutions:
#   Reduce memory load on the system
#   Increase physical memory or swap space
#   Check if swap backing store is full
#   Decrease Java heap size (-Xmx/-Xms)
#   Decrease number of Java threads
#   Decrease Java thread stack sizes (-Xss)
#   Set larger code cache with -XX:ReservedCodeCacheSize=
#   JVM is running with Unscaled Compressed Oops mode in which the Java heap is
#     placed in the first 4GB address space. The Java Heap base address is the
#     maximum limit for the native heap growth. Please use -XX:HeapBaseMinAddress
#     to set the Java Heap base and to place the Java Heap above 4GB virtual address.
# This output file may be truncated or incomplete.
#
#  Out of Memory Error (./open/src/hotspot/os/windows/os_windows.cpp:3472), pid=27708, tid=11928
#
# JRE version: OpenJDK Runtime Environment (15.0.1+9) (build 15.0.1+9-18)
# Java VM: OpenJDK 64-Bit Server VM (15.0.1+9-18, mixed mode, tiered, compressed oops, g1 gc, windows-amd64)
# No core dump will be written. Minidumps are not enabled by default on client versions of Windows
#

---------------  S U M M A R Y ------------

Command Line: -Dfile.encoding=Cp1252 -XX:+ShowCodeDetailsInExceptionMessages Pokédex

Host: AMD Ryzen 5 4500U with Radeon Graphics         , 6 cores, 7G,  Windows 10 , 64 bit Build 22000 (10.0.22000.708)
Time: Thu Nov 24 06:09:54 2022 Mountain Standard Time elapsed time: 5.486024 seconds (0d 0h 0m 5s)

---------------  T H R E A D  ---------------

Current thread (0x00000240ff9b5410):  VMThread "VM Thread" [stack: 0x0000009963800000,0x0000009963900000] [id=11928]

Stack: [0x0000009963800000,0x0000009963900000]
[error occurred during error reporting (printing stack bounds), id 0xc0000005, EXCEPTION_ACCESS_VIOLATION (0xc0000005) at pc=0x00000240839410ad]

Native frames: (J=compiled Java code, j=interpreted, Vv=VM code, C=native code)
V  [jvm.dll+0x62ae9a]
V  [jvm.dll+0x781389]
V  [jvm.dll+0x782ae3]
V  [jvm.dll+0x7830a5]
V  [jvm.dll+0x78305b]
V  [jvm.dll+0x62a2b9]
V  [jvm.dll+0x62aa88]
C  [ntdll.dll+0xa8b1f]
C  [ntdll.dll+0x35b9a]
C  [ntdll.dll+0xa7b2e]
C  0x00000240839410ad

VM_Operation (0x00000099632fd810): G1CollectForAllocation, mode: safepoint, requested by thread 0x00000240fe45aa10


---------------  P R O C E S S  ---------------

Threads class SMR info:
_java_thread_list=0x000002409a02d3a0, length=16, elements={
0x00000240fe45aa10, 0x00000240ff9cc8d0, 0x00000240ff9cd680, 0x00000240ff9ebda0,
0x00000240ff9ec660, 0x00000240ff9ed010, 0x00000240ff9edcf0, 0x00000240ff9ee790,
0x00000240ffa17bc0, 0x00000240ffaadb50, 0x00000240ffaae330, 0x00000240991dd170,
0x0000024098e35020, 0x0000024099183350, 0x00000240994fc130, 0x0000024099f2ec00
}

Java Threads: ( => current thread )
  0x00000240fe45aa10 JavaThread "main" [_thread_blocked, id=25724, stack(0x0000009963200000,0x0000009963300000)]
  0x00000240ff9cc8d0 JavaThread "Reference Handler" daemon [_thread_blocked, id=9920, stack(0x0000009963900000,0x0000009963a00000)]
  0x00000240ff9cd680 JavaThread "Finalizer" daemon [_thread_blocked, id=27692, stack(0x0000009963a00000,0x0000009963b00000)]
  0x00000240ff9ebda0 JavaThread "Signal Dispatcher" daemon [_thread_blocked, id=6492, stack(0x0000009963b00000,0x0000009963c00000)]
  0x00000240ff9ec660 JavaThread "Attach Listener" daemon [_thread_blocked, id=28344, stack(0x0000009963c00000,0x0000009963d00000)]
  0x00000240ff9ed010 JavaThread "Service Thread" daemon [_thread_blocked, id=13048, stack(0x0000009963d00000,0x0000009963e00000)]
  0x00000240ff9edcf0 JavaThread "C2 CompilerThread0" daemon [_thread_blocked, id=25504, stack(0x0000009963e00000,0x0000009963f00000)]
  0x00000240ff9ee790 JavaThread "C1 CompilerThread0" daemon [_thread_blocked, id=30784, stack(0x0000009963f00000,0x0000009964000000)]
  0x00000240ffa17bc0 JavaThread "Sweeper thread" daemon [_thread_blocked, id=18556, stack(0x0000009964000000,0x0000009964100000)]
  0x00000240ffaadb50 JavaThread "Notification Thread" daemon [_thread_blocked, id=9624, stack(0x0000009964100000,0x0000009964200000)]
  0x00000240ffaae330 JavaThread "Common-Cleaner" daemon [_thread_blocked, id=23912, stack(0x0000009964300000,0x0000009964400000)]
  0x00000240991dd170 JavaThread "Connect thread cs.westminstercollege.edu session" [_thread_in_native, id=29560, stack(0x0000009964500000,0x0000009964600000)]
  0x0000024098e35020 JavaThread "PortWatcher Thread for localhost" [_thread_in_native, id=19472, stack(0x0000009964600000,0x0000009964700000)]
  0x0000024099183350 JavaThread "mysql-cj-abandoned-connection-cleanup" daemon [_thread_blocked, id=28256, stack(0x0000009964700000,0x0000009964800000)]
  0x00000240994fc130 JavaThread "DirectTCPIP thread cs.westminstercollege.edu" [_thread_in_native, id=29352, stack(0x0000009964800000,0x0000009964900000)]
  0x0000024099f2ec00 JavaThread "C2 CompilerThread1" daemon [_thread_blocked, id=30788, stack(0x0000009964400000,0x0000009964500000)]

Other Threads:
=>0x00000240ff9b5410 VMThread "VM Thread" [stack: 0x0000009963800000,0x0000009963900000] [id=11928]
  0x00000240ffaae020 WatcherThread [stack: 0x0000009964200000,0x0000009964300000] [id=25808]
  0x00000240fe493870 GCTaskThread "GC Thread#0" [stack: 0x0000009963300000,0x0000009963400000] [id=20544]
  0x00000240ffcfde50 GCTaskThread "GC Thread#1" [stack: 0x0000009964900000,0x0000009964a00000] [id=32436]
  0x00000240ffcfb810 GCTaskThread "GC Thread#2" [stack: 0x0000009964a00000,0x0000009964b00000] [id=16336]
  0x00000240ffcfe4b0 GCTaskThread "GC Thread#3" [stack: 0x0000009964b00000,0x0000009964c00000] [id=27948]
  0x00000240ffcfd4c0 GCTaskThread "GC Thread#4" [stack: 0x0000009964c00000,0x0000009964d00000] [id=13196]
  0x00000240ffcfe7e0 GCTaskThread "GC Thread#5" [stack: 0x0000009964d00000,0x0000009964e00000] [id=8176]
  0x00000240fe4a3640 ConcurrentGCThread "G1 Main Marker" [stack: 0x0000009963400000,0x0000009963500000] [id=744]
  0x00000240fe4a4230 ConcurrentGCThread "G1 Conc#0" [stack: 0x0000009963500000,0x0000009963600000] [id=13112]
  0x00000240ffcfee40 ConcurrentGCThread "G1 Conc#1" [stack: 0x0000009965000000,0x0000009965100000] [id=32600]
  0x00000240fe516eb0 ConcurrentGCThread "G1 Refine#0" [stack: 0x0000009963600000,0x0000009963700000] [id=29104]
  0x0000024099227720 ConcurrentGCThread "G1 Refine#1" [stack: 0x0000009964e00000,0x0000009964f00000] [id=30176]
  0x00000240994d6b10 ConcurrentGCThread "G1 Refine#2" [stack: 0x0000009964f00000,0x0000009965000000] [id=20080]
  0x000002409a1fd3e0 ConcurrentGCThread "G1 Refine#3" [stack: 0x0000009965100000,0x0000009965200000] [id=26660]
  0x000002409a1fdf80 ConcurrentGCThread "G1 Refine#4" [stack: 0x0000009965200000,0x0000009965300000] [id=21544]
  0x000002409a0b9f30 ConcurrentGCThread "G1 Refine#5" [stack: 0x0000009965300000,0x0000009965400000] [id=5408]
  0x00000240fe519700 ConcurrentGCThread "G1 Young RemSet Sampling" [stack: 0x0000009963700000,0x0000009963800000] [id=21804]

Threads with active compile tasks:
C2 CompilerThread0     5493 2713       4       org.apache.xmlbeans.impl.values.XmlObjectBase::check_element_dated (95 bytes)
C2 CompilerThread1     5493 2775       4       org.apache.xmlbeans.impl.store.Saver::addMapping (334 bytes)

VM state: at safepoint (normal execution)

VM Mutex/Monitor currently owned by a thread:  ([mutex/lock_event])
[0x00000240fe4568e0] Threads_lock - owner thread: 0x00000240ff9b5410
[0x00000240fe457390] Heap_lock - owner thread: 0x00000240fe45aa10

Heap address: 0x0000000089c00000, size: 1892 MB, Compressed Oops mode: 32-bit
CDS disabled.
Compressed class space mapped at: 0x0000000100000000-0x0000000140000000, size: 1073741824
Narrow klass base: 0x0000000000000000, Narrow klass shift: 3, Narrow klass range: 0x140000000

GC Precious Log:
 CPUs: 6 total, 6 available
 Memory: 7564M
 Large Page Support: Disabled
 NUMA Support: Disabled
 Compressed Oops: Enabled (32-bit)
 Heap Region Size: 1M
 Heap Min Capacity: 8M
 Heap Initial Capacity: 120M
 Heap Max Capacity: 1892M
 Pre-touch: Disabled
 Parallel Workers: 6
 Concurrent Workers: 2
 Concurrent Refinement Workers: 6
 Periodic GC: Disabled

Heap:
 garbage-first heap   total 497664K, used 89328K [0x0000000089c00000, 0x0000000100000000)
  region size 1024K, 5 young (5120K), 5 survivors (5120K)
 Metaspace       used 22967K, capacity 23250K, committed 23344K, reserved 1071104K
  class space    used 2213K, capacity 2283K, committed 2352K, reserved 1048576K

Heap Regions: E=young(eden), S=young(survivor), O=old, HS=humongous(starts), HC=humongous(continues), CS=collection set, F=free, OA=open archive, CA=closed archive, TAMS=top-at-mark-start (previous, next)
|   0|0x0000000089c00000, 0x0000000089d00000, 0x0000000089d00000|100%|HS|  |TAMS 0x0000000089d00000, 0x0000000089c00000| Complete 
|   1|0x0000000089d00000, 0x0000000089e00000, 0x0000000089e00000|100%| O|  |TAMS 0x0000000089e00000, 0x0000000089d00000| Untracked 
|   2|0x0000000089e00000, 0x0000000089f00000, 0x0000000089f00000|100%| O|  |TAMS 0x0000000089f00000, 0x0000000089e00000| Untracked 
|   3|0x0000000089f00000, 0x000000008a000000, 0x000000008a000000|100%| O|  |TAMS 0x000000008a000000, 0x0000000089f00000| Untracked 
|   4|0x000000008a000000, 0x000000008a000000, 0x000000008a100000|  0%| F|  |TAMS 0x000000008a000000, 0x000000008a000000| Untracked 
|   5|0x000000008a100000, 0x000000008a200000, 0x000000008a200000|100%| O|  |TAMS 0x000000008a100000, 0x000000008a100000| Untracked 
|   6|0x000000008a200000, 0x000000008a300000, 0x000000008a300000|100%| O|  |TAMS 0x000000008a300000, 0x000000008a200000| Untracked 
|   7|0x000000008a300000, 0x000000008a400000, 0x000000008a400000|100%| O|  |TAMS 0x000000008a400000, 0x000000008a300000| Untracked 
|   8|0x000000008a400000, 0x000000008a500000, 0x000000008a500000|100%| O|  |TAMS 0x000000008a400000, 0x000000008a400000| Untracked 
|   9|0x000000008a500000, 0x000000008a600000, 0x000000008a600000|100%| O|  |TAMS 0x000000008a500000, 0x000000008a500000| Untracked 
|  10|0x000000008a600000, 0x000000008a700000, 0x000000008a700000|100%| O|  |TAMS 0x000000008a600000, 0x000000008a600000| Untracked 
|  11|0x000000008a700000, 0x000000008a800000, 0x000000008a800000|100%|HS|  |TAMS 0x000000008a700000, 0x000000008a700000| Complete 
|  12|0x000000008a800000, 0x000000008a900000, 0x000000008a900000|100%| O|  |TAMS 0x000000008a800000, 0x000000008a800000| Untracked 
|  13|0x000000008a900000, 0x000000008aa00000, 0x000000008aa00000|100%| O|  |TAMS 0x000000008a900000, 0x000000008a900000| Untracked 
|  14|0x000000008aa00000, 0x000000008ab00000, 0x000000008ab00000|100%| O|  |TAMS 0x000000008aa00000, 0x000000008aa00000| Untracked 
|  15|0x000000008ab00000, 0x000000008ac00000, 0x000000008ac00000|100%| O|  |TAMS 0x000000008ac00000, 0x000000008ab00000| Untracked 
|  16|0x000000008ac00000, 0x000000008ad00000, 0x000000008ad00000|100%| O|  |TAMS 0x000000008ac00000, 0x000000008ac00000| Untracked 
|  17|0x000000008ad00000, 0x000000008ae00000, 0x000000008ae00000|100%| O|  |TAMS 0x000000008ae00000, 0x000000008ad00000| Untracked 
|  18|0x000000008ae00000, 0x000000008af00000, 0x000000008af00000|100%| O|  |TAMS 0x000000008ae00000, 0x000000008ae00000| Untracked 
|  19|0x000000008af00000, 0x000000008b000000, 0x000000008b000000|100%| O|  |TAMS 0x000000008af00000, 0x000000008af00000| Untracked 
|  20|0x000000008b000000, 0x000000008b100000, 0x000000008b100000|100%| O|  |TAMS 0x000000008b100000, 0x000000008b000000| Untracked 
|  21|0x000000008b100000, 0x000000008b200000, 0x000000008b200000|100%| O|  |TAMS 0x000000008b100000, 0x000000008b100000| Untracked 
|  22|0x000000008b200000, 0x000000008b300000, 0x000000008b300000|100%| O|  |TAMS 0x000000008b200000, 0x000000008b200000| Untracked 
|  23|0x000000008b300000, 0x000000008b400000, 0x000000008b400000|100%| O|  |TAMS 0x000000008b400000, 0x000000008b300000| Untracked 
|  24|0x000000008b400000, 0x000000008b500000, 0x000000008b500000|100%| O|  |TAMS 0x000000008b400000, 0x000000008b400000| Untracked 
|  25|0x000000008b500000, 0x000000008b600000, 0x000000008b600000|100%| O|  |TAMS 0x000000008b500000, 0x000000008b500000| Untracked 
|  26|0x000000008b600000, 0x000000008b700000, 0x000000008b700000|100%|HS|  |TAMS 0x000000008b700000, 0x000000008b600000| Complete 
|  27|0x000000008b700000, 0x000000008b800000, 0x000000008b800000|100%| O|  |TAMS 0x000000008b700000, 0x000000008b700000| Untracked 
|  28|0x000000008b800000, 0x000000008b900000, 0x000000008b900000|100%| O|  |TAMS 0x000000008b800000, 0x000000008b800000| Untracked 
|  29|0x000000008b900000, 0x000000008ba00000, 0x000000008ba00000|100%| O|  |TAMS 0x000000008b900000, 0x000000008b900000| Untracked 
|  30|0x000000008ba00000, 0x000000008bb00000, 0x000000008bb00000|100%| O|  |TAMS 0x000000008ba00000, 0x000000008ba00000| Untracked 
|  31|0x000000008bb00000, 0x000000008bc00000, 0x000000008bc00000|100%| O|  |TAMS 0x000000008bc00000, 0x000000008bb00000| Untracked 
|  32|0x000000008bc00000, 0x000000008bd00000, 0x000000008bd00000|100%| O|  |TAMS 0x000000008bd00000, 0x000000008bc00000| Untracked 
|  33|0x000000008bd00000, 0x000000008be00000, 0x000000008be00000|100%| O|  |TAMS 0x000000008be00000, 0x000000008bd00000| Untracked 
|  34|0x000000008be00000, 0x000000008be00000, 0x000000008bf00000|  0%| F|  |TAMS 0x000000008be00000, 0x000000008be00000| Untracked 
|  35|0x000000008bf00000, 0x000000008c000000, 0x000000008c000000|100%| O|  |TAMS 0x000000008bf00000, 0x000000008bf00000| Untracked 
|  36|0x000000008c000000, 0x000000008c100000, 0x000000008c100000|100%| O|  |TAMS 0x000000008c000000, 0x000000008c000000| Untracked 
|  37|0x000000008c100000, 0x000000008c200000, 0x000000008c200000|100%| O|  |TAMS 0x000000008c100000, 0x000000008c100000| Untracked 
|  38|0x000000008c200000, 0x000000008c300000, 0x000000008c300000|100%| O|  |TAMS 0x000000008c200000, 0x000000008c200000| Untracked 
|  39|0x000000008c300000, 0x000000008c400000, 0x000000008c400000|100%| O|  |TAMS 0x000000008c300000, 0x000000008c300000| Untracked 
|  40|0x000000008c400000, 0x000000008c500000, 0x000000008c500000|100%| O|  |TAMS 0x000000008c400000, 0x000000008c400000| Untracked 
|  41|0x000000008c500000, 0x000000008c600000, 0x000000008c600000|100%| O|  |TAMS 0x000000008c500000, 0x000000008c500000| Untracked 
|  42|0x000000008c600000, 0x000000008c700000, 0x000000008c700000|100%| O|  |TAMS 0x000000008c600000, 0x000000008c600000| Untracked 
|  43|0x000000008c700000, 0x000000008c800000, 0x000000008c800000|100%| O|  |TAMS 0x000000008c700000, 0x000000008c700000| Untracked 
|  44|0x000000008c800000, 0x000000008c900000, 0x000000008c900000|100%| O|  |TAMS 0x000000008c800000, 0x000000008c800000| Untracked 
|  45|0x000000008c900000, 0x000000008ca00000, 0x000000008ca00000|100%| O|  |TAMS 0x000000008c900000, 0x000000008c900000| Untracked 
|  46|0x000000008ca00000, 0x000000008cb00000, 0x000000008cb00000|100%| O|  |TAMS 0x000000008ca00000, 0x000000008ca00000| Untracked 
|  47|0x000000008cb00000, 0x000000008cc00000, 0x000000008cc00000|100%| O|  |TAMS 0x000000008cb00000, 0x000000008cb00000| Untracked 
|  48|0x000000008cc00000, 0x000000008cd00000, 0x000000008cd00000|100%| O|  |TAMS 0x000000008cc00000, 0x000000008cc00000| Untracked 
|  49|0x000000008cd00000, 0x000000008ce00000, 0x000000008ce00000|100%| O|  |TAMS 0x000000008cd00000, 0x000000008cd00000| Untracked 
|  50|0x000000008ce00000, 0x000000008cf00000, 0x000000008cf00000|100%| O|  |TAMS 0x000000008ce00000, 0x000000008ce00000| Untracked 
|  51|0x000000008cf00000, 0x000000008d000000, 0x000000008d000000|100%| O|  |TAMS 0x000000008cf00000, 0x000000008cf00000| Untracked 
|  52|0x000000008d000000, 0x000000008d100000, 0x000000008d100000|100%| O|  |TAMS 0x000000008d000000, 0x000000008d000000| Untracked 
|  53|0x000000008d100000, 0x000000008d200000, 0x000000008d200000|100%| O|  |TAMS 0x000000008d100000, 0x000000008d100000| Untracked 
|  54|0x000000008d200000, 0x000000008d300000, 0x000000008d300000|100%| O|  |TAMS 0x000000008d200000, 0x000000008d200000| Untracked 
|  55|0x000000008d300000, 0x000000008d400000, 0x000000008d400000|100%| O|  |TAMS 0x000000008d300000, 0x000000008d300000| Untracked 
|  56|0x000000008d400000, 0x000000008d500000, 0x000000008d500000|100%| O|  |TAMS 0x000000008d400000, 0x000000008d400000| Untracked 
|  57|0x000000008d500000, 0x000000008d600000, 0x000000008d600000|100%| O|  |TAMS 0x000000008d500000, 0x000000008d500000| Untracked 
|  58|0x000000008d600000, 0x000000008d700000, 0x000000008d700000|100%| O|  |TAMS 0x000000008d600000, 0x000000008d600000| Untracked 
|  59|0x000000008d700000, 0x000000008d800000, 0x000000008d800000|100%| O|  |TAMS 0x000000008d700000, 0x000000008d700000| Untracked 
|  60|0x000000008d800000, 0x000000008d900000, 0x000000008d900000|100%| O|  |TAMS 0x000000008d800000, 0x000000008d800000| Untracked 
|  61|0x000000008d900000, 0x000000008da00000, 0x000000008da00000|100%| O|  |TAMS 0x000000008d900000, 0x000000008d900000| Untracked 
|  62|0x000000008da00000, 0x000000008db00000, 0x000000008db00000|100%| O|  |TAMS 0x000000008da00000, 0x000000008da00000| Untracked 
|  63|0x000000008db00000, 0x000000008dc00000, 0x000000008dc00000|100%| O|  |TAMS 0x000000008db00000, 0x000000008db00000| Untracked 
|  64|0x000000008dc00000, 0x000000008dd00000, 0x000000008dd00000|100%| O|  |TAMS 0x000000008dc00000, 0x000000008dc00000| Untracked 
|  65|0x000000008dd00000, 0x000000008de00000, 0x000000008de00000|100%| O|  |TAMS 0x000000008dd00000, 0x000000008dd00000| Untracked 
|  66|0x000000008de00000, 0x000000008df00000, 0x000000008df00000|100%| O|  |TAMS 0x000000008de00000, 0x000000008de00000| Untracked 
|  67|0x000000008df00000, 0x000000008e000000, 0x000000008e000000|100%| O|  |TAMS 0x000000008df00000, 0x000000008df00000| Untracked 
|  68|0x000000008e000000, 0x000000008e100000, 0x000000008e100000|100%| O|  |TAMS 0x000000008e000000, 0x000000008e000000| Untracked 
|  69|0x000000008e100000, 0x000000008e200000, 0x000000008e200000|100%| O|  |TAMS 0x000000008e100000, 0x000000008e100000| Untracked 
|  70|0x000000008e200000, 0x000000008e300000, 0x000000008e300000|100%| O|  |TAMS 0x000000008e200000, 0x000000008e200000| Untracked 
|  71|0x000000008e300000, 0x000000008e400000, 0x000000008e400000|100%| O|  |TAMS 0x000000008e300000, 0x000000008e300000| Untracked 
|  72|0x000000008e400000, 0x000000008e500000, 0x000000008e500000|100%| O|  |TAMS 0x000000008e400000, 0x000000008e400000| Untracked 
|  73|0x000000008e500000, 0x000000008e600000, 0x000000008e600000|100%| O|  |TAMS 0x000000008e500000, 0x000000008e500000| Untracked 
|  74|0x000000008e600000, 0x000000008e700000, 0x000000008e700000|100%|HS|  |TAMS 0x000000008e600000, 0x000000008e600000| Complete 
|  75|0x000000008e700000, 0x000000008e800000, 0x000000008e800000|100%| O|  |TAMS 0x000000008e700000, 0x000000008e700000| Untracked 
|  76|0x000000008e800000, 0x000000008e900000, 0x000000008e900000|100%| O|  |TAMS 0x000000008e800000, 0x000000008e800000| Untracked 
|  77|0x000000008e900000, 0x000000008ea00000, 0x000000008ea00000|100%| O|  |TAMS 0x000000008e900000, 0x000000008e900000| Untracked 
|  78|0x000000008ea00000, 0x000000008eb00000, 0x000000008eb00000|100%| O|  |TAMS 0x000000008ea00000, 0x000000008ea00000| Untracked 
|  79|0x000000008eb00000, 0x000000008ec00000, 0x000000008ec00000|100%| O|  |TAMS 0x000000008eb00000, 0x000000008eb00000| Untracked 
|  80|0x000000008ec00000, 0x000000008ed00000, 0x000000008ed00000|100%| O|  |TAMS 0x000000008ec00000, 0x000000008ec00000| Untracked 
|  81|0x000000008ed00000, 0x000000008ee00000, 0x000000008ee00000|100%| O|  |TAMS 0x000000008ed00000, 0x000000008ed00000| Untracked 
|  82|0x000000008ee00000, 0x000000008ef00000, 0x000000008ef00000|100%| O|  |TAMS 0x000000008ee00000, 0x000000008ee00000| Untracked 
|  83|0x000000008ef00000, 0x000000008f000000, 0x000000008f000000|100%| O|  |TAMS 0x000000008ef00000, 0x000000008ef00000| Untracked 
|  84|0x000000008f000000, 0x000000008f000000, 0x000000008f100000|  0%| F|  |TAMS 0x000000008f000000, 0x000000008f000000| Untracked 
|  85|0x000000008f100000, 0x000000008f100000, 0x000000008f200000|  0%| F|  |TAMS 0x000000008f100000, 0x000000008f100000| Untracked 
|  86|0x000000008f200000, 0x000000008f200000, 0x000000008f300000|  0%| F|  |TAMS 0x000000008f200000, 0x000000008f200000| Untracked 
|  87|0x000000008f300000, 0x000000008f300000, 0x000000008f400000|  0%| F|  |TAMS 0x000000008f300000, 0x000000008f300000| Untracked 
|  88|0x000000008f400000, 0x000000008f400000, 0x000000008f500000|  0%| F|  |TAMS 0x000000008f400000, 0x000000008f400000| Untracked 
|  89|0x000000008f500000, 0x000000008f500000, 0x000000008f600000|  0%| F|  |TAMS 0x000000008f500000, 0x000000008f500000| Untracked 
|  90|0x000000008f600000, 0x000000008f600000, 0x000000008f700000|  0%| F|  |TAMS 0x000000008f600000, 0x000000008f600000| Untracked 
|  91|0x000000008f700000, 0x000000008f700000, 0x000000008f800000|  0%| F|  |TAMS 0x000000008f700000, 0x000000008f700000| Untracked 
|  92|0x000000008f800000, 0x000000008f800000, 0x000000008f900000|  0%| F|  |TAMS 0x000000008f800000, 0x000000008f800000| Untracked 
|  93|0x000000008f900000, 0x000000008f900000, 0x000000008fa00000|  0%| F|  |TAMS 0x000000008f900000, 0x000000008f900000| Untracked 
|  94|0x000000008fa00000, 0x000000008fa00000, 0x000000008fb00000|  0%| F|  |TAMS 0x000000008fa00000, 0x000000008fa00000| Untracked 
|  95|0x000000008fb00000, 0x000000008fb00000, 0x000000008fc00000|  0%| F|  |TAMS 0x000000008fb00000, 0x000000008fb00000| Untracked 
|  96|0x000000008fc00000, 0x000000008fc00000, 0x000000008fd00000|  0%| F|  |TAMS 0x000000008fc00000, 0x000000008fc00000| Untracked 
|  97|0x000000008fd00000, 0x000000008fd00000, 0x000000008fe00000|  0%| F|  |TAMS 0x000000008fd00000, 0x000000008fd00000| Untracked 
|  98|0x000000008fe00000, 0x000000008fe00000, 0x000000008ff00000|  0%| F|  |TAMS 0x000000008fe00000, 0x000000008fe00000| Untracked 
|  99|0x000000008ff00000, 0x000000008ff00000, 0x0000000090000000|  0%| F|  |TAMS 0x000000008ff00000, 0x000000008ff00000| Untracked 
| 100|0x0000000090000000, 0x0000000090000000, 0x0000000090100000|  0%| F|  |TAMS 0x0000000090000000, 0x0000000090000000| Untracked 
| 101|0x0000000090100000, 0x0000000090100000, 0x0000000090200000|  0%| F|  |TAMS 0x0000000090100000, 0x0000000090100000| Untracked 
| 102|0x0000000090200000, 0x0000000090200000, 0x0000000090300000|  0%| F|  |TAMS 0x0000000090200000, 0x0000000090200000| Untracked 
| 103|0x0000000090300000, 0x0000000090300000, 0x0000000090400000|  0%| F|  |TAMS 0x0000000090300000, 0x0000000090300000| Untracked 
| 104|0x0000000090400000, 0x0000000090400000, 0x0000000090500000|  0%| F|  |TAMS 0x0000000090400000, 0x0000000090400000| Untracked 
| 105|0x0000000090500000, 0x0000000090500000, 0x0000000090600000|  0%| F|  |TAMS 0x0000000090500000, 0x0000000090500000| Untracked 
| 106|0x0000000090600000, 0x0000000090600000, 0x0000000090700000|  0%| F|  |TAMS 0x0000000090600000, 0x0000000090600000| Untracked 
| 107|0x0000000090700000, 0x0000000090700000, 0x0000000090800000|  0%| F|  |TAMS 0x0000000090700000, 0x0000000090700000| Untracked 
| 108|0x0000000090800000, 0x0000000090800000, 0x0000000090900000|  0%| F|  |TAMS 0x0000000090800000, 0x0000000090800000| Untracked 
| 109|0x0000000090900000, 0x0000000090900000, 0x0000000090a00000|  0%| F|  |TAMS 0x0000000090900000, 0x0000000090900000| Untracked 
| 110|0x0000000090a00000, 0x0000000090a00000, 0x0000000090b00000|  0%| F|  |TAMS 0x0000000090a00000, 0x0000000090a00000| Untracked 
| 111|0x0000000090b00000, 0x0000000090b00000, 0x0000000090c00000|  0%| F|  |TAMS 0x0000000090b00000, 0x0000000090b00000| Untracked 
| 112|0x0000000090c00000, 0x0000000090c00000, 0x0000000090d00000|  0%| F|  |TAMS 0x0000000090c00000, 0x0000000090c00000| Untracked 
| 113|0x0000000090d00000, 0x0000000090d00000, 0x0000000090e00000|  0%| F|  |TAMS 0x0000000090d00000, 0x0000000090d00000| Untracked 
| 114|0x0000000090e00000, 0x0000000090e00000, 0x0000000090f00000|  0%| F|  |TAMS 0x0000000090e00000, 0x0000000090e00000| Untracked 
| 115|0x0000000090f00000, 0x0000000090f00000, 0x0000000091000000|  0%| F|  |TAMS 0x0000000090f00000, 0x0000000090f00000| Untracked 
| 116|0x0000000091000000, 0x0000000091000000, 0x0000000091100000|  0%| F|  |TAMS 0x0000000091000000, 0x0000000091000000| Untracked 
| 117|0x0000000091100000, 0x0000000091100000, 0x0000000091200000|  0%| F|  |TAMS 0x0000000091100000, 0x0000000091100000| Untracked 
| 118|0x0000000091200000, 0x0000000091200000, 0x0000000091300000|  0%| F|  |TAMS 0x0000000091200000, 0x0000000091200000| Untracked 
| 119|0x0000000091300000, 0x0000000091300000, 0x0000000091400000|  0%| F|  |TAMS 0x0000000091300000, 0x0000000091300000| Untracked 
| 120|0x0000000091400000, 0x0000000091400000, 0x0000000091500000|  0%| F|  |TAMS 0x0000000091400000, 0x0000000091400000| Untracked 
| 121|0x0000000091500000, 0x0000000091500000, 0x0000000091600000|  0%| F|  |TAMS 0x0000000091500000, 0x0000000091500000| Untracked 
| 122|0x0000000091600000, 0x0000000091600000, 0x0000000091700000|  0%| F|  |TAMS 0x0000000091600000, 0x0000000091600000| Untracked 
| 123|0x0000000091700000, 0x0000000091700000, 0x0000000091800000|  0%| F|  |TAMS 0x0000000091700000, 0x0000000091700000| Untracked 
| 124|0x0000000091800000, 0x0000000091800000, 0x0000000091900000|  0%| F|  |TAMS 0x0000000091800000, 0x0000000091800000| Untracked 
| 125|0x0000000091900000, 0x0000000091900000, 0x0000000091a00000|  0%| F|  |TAMS 0x0000000091900000, 0x0000000091900000| Untracked 
| 126|0x0000000091a00000, 0x0000000091a00000, 0x0000000091b00000|  0%| F|  |TAMS 0x0000000091a00000, 0x0000000091a00000| Untracked 
| 127|0x0000000091b00000, 0x0000000091b00000, 0x0000000091c00000|  0%| F|  |TAMS 0x0000000091b00000, 0x0000000091b00000| Untracked 
| 128|0x0000000091c00000, 0x0000000091c00000, 0x0000000091d00000|  0%| F|  |TAMS 0x0000000091c00000, 0x0000000091c00000| Untracked 
| 129|0x0000000091d00000, 0x0000000091d00000, 0x0000000091e00000|  0%| F|  |TAMS 0x0000000091d00000, 0x0000000091d00000| Untracked 
| 130|0x0000000091e00000, 0x0000000091e00000, 0x0000000091f00000|  0%| F|  |TAMS 0x0000000091e00000, 0x0000000091e00000| Untracked 
| 131|0x0000000091f00000, 0x0000000091f00000, 0x0000000092000000|  0%| F|  |TAMS 0x0000000091f00000, 0x0000000091f00000| Untracked 
| 132|0x0000000092000000, 0x0000000092000000, 0x0000000092100000|  0%| F|  |TAMS 0x0000000092000000, 0x0000000092000000| Untracked 
| 133|0x0000000092100000, 0x0000000092100000, 0x0000000092200000|  0%| F|  |TAMS 0x0000000092100000, 0x0000000092100000| Untracked 
| 134|0x0000000092200000, 0x0000000092200000, 0x0000000092300000|  0%| F|  |TAMS 0x0000000092200000, 0x0000000092200000| Untracked 
| 135|0x0000000092300000, 0x0000000092300000, 0x0000000092400000|  0%| F|  |TAMS 0x0000000092300000, 0x0000000092300000| Untracked 
| 136|0x0000000092400000, 0x000000009243c310, 0x0000000092500000| 23%| S|CS|TAMS 0x0000000092400000, 0x0000000092400000| Complete 
| 137|0x0000000092500000, 0x0000000092600000, 0x0000000092600000|100%| S|CS|TAMS 0x0000000092500000, 0x0000000092500000| Complete 
| 138|0x0000000092600000, 0x0000000092700000, 0x0000000092700000|100%| S|CS|TAMS 0x0000000092600000, 0x0000000092600000| Complete 
| 139|0x0000000092700000, 0x0000000092800000, 0x0000000092800000|100%| S|CS|TAMS 0x0000000092700000, 0x0000000092700000| Complete 
| 140|0x0000000092800000, 0x0000000092900000, 0x0000000092900000|100%| S|CS|TAMS 0x0000000092800000, 0x0000000092800000| Complete 
| 141|0x0000000092900000, 0x0000000092900000, 0x0000000092a00000|  0%| F|  |TAMS 0x0000000092900000, 0x0000000092900000| Untracked 
| 142|0x0000000092a00000, 0x0000000092a00000, 0x0000000092b00000|  0%| F|  |TAMS 0x0000000092a00000, 0x0000000092a00000| Untracked 
| 143|0x0000000092b00000, 0x0000000092b00000, 0x0000000092c00000|  0%| F|  |TAMS 0x0000000092b00000, 0x0000000092b00000| Untracked 
| 144|0x0000000092c00000, 0x0000000092c00000, 0x0000000092d00000|  0%| F|  |TAMS 0x0000000092c00000, 0x0000000092c00000| Untracked 
| 145|0x0000000092d00000, 0x0000000092d00000, 0x0000000092e00000|  0%| F|  |TAMS 0x0000000092d00000, 0x0000000092d00000| Untracked 
| 146|0x0000000092e00000, 0x0000000092e00000, 0x0000000092f00000|  0%| F|  |TAMS 0x0000000092e00000, 0x0000000092e00000| Untracked 
| 147|0x0000000092f00000, 0x0000000092f00000, 0x0000000093000000|  0%| F|  |TAMS 0x0000000092f00000, 0x0000000092f00000| Untracked 
| 148|0x0000000093000000, 0x0000000093000000, 0x0000000093100000|  0%| F|  |TAMS 0x0000000093000000, 0x0000000093000000| Untracked 
| 149|0x0000000093100000, 0x0000000093100000, 0x0000000093200000|  0%| F|  |TAMS 0x0000000093100000, 0x0000000093100000| Untracked 
| 150|0x0000000093200000, 0x0000000093200000, 0x0000000093300000|  0%| F|  |TAMS 0x0000000093200000, 0x0000000093200000| Untracked 
| 151|0x0000000093300000, 0x0000000093300000, 0x0000000093400000|  0%| F|  |TAMS 0x0000000093300000, 0x0000000093300000| Untracked 
| 152|0x0000000093400000, 0x0000000093400000, 0x0000000093500000|  0%| F|  |TAMS 0x0000000093400000, 0x0000000093400000| Untracked 
| 153|0x0000000093500000, 0x0000000093500000, 0x0000000093600000|  0%| F|  |TAMS 0x0000000093500000, 0x0000000093500000| Untracked 
| 154|0x0000000093600000, 0x0000000093600000, 0x0000000093700000|  0%| F|  |TAMS 0x0000000093600000, 0x0000000093600000| Untracked 
| 155|0x0000000093700000, 0x0000000093700000, 0x0000000093800000|  0%| F|  |TAMS 0x0000000093700000, 0x0000000093700000| Untracked 
| 156|0x0000000093800000, 0x0000000093800000, 0x0000000093900000|  0%| F|  |TAMS 0x0000000093800000, 0x0000000093800000| Untracked 
| 157|0x0000000093900000, 0x0000000093900000, 0x0000000093a00000|  0%| F|  |TAMS 0x0000000093900000, 0x0000000093900000| Untracked 
| 158|0x0000000093a00000, 0x0000000093a00000, 0x0000000093b00000|  0%| F|  |TAMS 0x0000000093a00000, 0x0000000093a00000| Untracked 
| 159|0x0000000093b00000, 0x0000000093b00000, 0x0000000093c00000|  0%| F|  |TAMS 0x0000000093b00000, 0x0000000093b00000| Untracked 
| 160|0x0000000093c00000, 0x0000000093c00000, 0x0000000093d00000|  0%| F|  |TAMS 0x0000000093c00000, 0x0000000093c00000| Untracked 
|1879|0x00000000ff300000, 0x00000000ff300000, 0x00000000ff400000|  0%| F|  |TAMS 0x00000000ff300000, 0x00000000ff300000| Untracked 
|1880|0x00000000ff400000, 0x00000000ff400000, 0x00000000ff500000|  0%| F|  |TAMS 0x00000000ff400000, 0x00000000ff400000| Untracked 
|1881|0x00000000ff500000, 0x00000000ff500000, 0x00000000ff600000|  0%| F|  |TAMS 0x00000000ff500000, 0x00000000ff500000| Untracked 
|1882|0x00000000ff600000, 0x00000000ff600000, 0x00000000ff700000|  0%| F|  |TAMS 0x00000000ff600000, 0x00000000ff600000| Untracked 
|1883|0x00000000ff700000, 0x00000000ff700000, 0x00000000ff800000|  0%| F|  |TAMS 0x00000000ff700000, 0x00000000ff700000| Untracked 
|1884|0x00000000ff800000, 0x00000000ff800000, 0x00000000ff900000|  0%| F|  |TAMS 0x00000000ff800000, 0x00000000ff800000| Untracked 
|1885|0x00000000ff900000, 0x00000000ff900000, 0x00000000ffa00000|  0%| F|  |TAMS 0x00000000ff900000, 0x00000000ff900000| Untracked 
|1886|0x00000000ffa00000, 0x00000000ffa00000, 0x00000000ffb00000|  0%| F|  |TAMS 0x00000000ffa00000, 0x00000000ffa00000| Untracked 
|1887|0x00000000ffb00000, 0x00000000ffb00000, 0x00000000ffc00000|  0%| F|  |TAMS 0x00000000ffb00000, 0x00000000ffb00000| Untracked 
|1888|0x00000000ffc00000, 0x00000000ffc00000, 0x00000000ffd00000|  0%| F|  |TAMS 0x00000000ffc00000, 0x00000000ffc00000| Untracked 
|1889|0x00000000ffd00000, 0x00000000ffd00000, 0x00000000ffe00000|  0%| F|  |TAMS 0x00000000ffd00000, 0x00000000ffd00000| Untracked 
|1890|0x00000000ffe00000, 0x00000000ffe00000, 0x00000000fff00000|  0%| F|  |TAMS 0x00000000ffe00000, 0x00000000ffe00000| Untracked 
|1891|0x00000000fff00000, 0x0000000100000000, 0x0000000100000000|100%| O|  |TAMS 0x0000000100000000, 0x00000000fff00000| Untracked 

Card table byte_map: [0x00000240fea00000,0x00000240fedc0000] _byte_map_base: 0x00000240fe5b2000

Marking Bits (Prev, Next): (CMBitMap*) 0x00000240fe494060, (CMBitMap*) 0x00000240fe4940a0
 Prev Bits: [0x0000024092940000, 0x00000240946d0000)
 Next Bits: [0x00000240946d0000, 0x0000024096460000)

Polling page: 0x00000240fc5e0000

Metaspace:

Usage:
  Non-class:     20.48 MB capacity,    20.27 MB ( 99%) used,   188.99 KB ( <1%) free+waste,    23.62 KB ( <1%) overhead. 
      Class:      2.23 MB capacity,     2.16 MB ( 97%) used,    61.93 KB (  3%) free+waste,     7.56 KB ( <1%) overhead. 
       Both:     22.71 MB capacity,    22.43 MB ( 99%) used,   250.92 KB (  1%) free+waste,    31.19 KB ( <1%) overhead. 

Virtual space:
  Non-class space:       22.00 MB reserved,      20.50 MB ( 93%) committed 
      Class space:        1.00 GB reserved,       2.30 MB ( <1%) committed 
             Both:        1.02 GB reserved,      22.80 MB (  2%) committed 

Chunk freelists:
   Non-Class:  25.00 KB
       Class:  21.00 KB
        Both:  46.00 KB

MaxMetaspaceSize: 17179869184.00 GB
CompressedClassSpaceSize: 1.00 GB

CodeHeap 'non-profiled nmethods': size=120000Kb used=1485Kb max_used=1485Kb free=118514Kb
 bounds [0x000002408b410000, 0x000002408b680000, 0x0000024092940000]
CodeHeap 'profiled nmethods': size=120000Kb used=5161Kb max_used=5161Kb free=114838Kb
 bounds [0x0000024083ee0000, 0x00000240843f0000, 0x000002408b410000]
CodeHeap 'non-nmethods': size=5760Kb used=1239Kb max_used=1295Kb free=4520Kb
 bounds [0x0000024083940000, 0x0000024083bb0000, 0x0000024083ee0000]
 total_blobs=3261 nmethods=2755 adapters=418
 compilation: enabled
              stopped_count=0, restarted_count=0
 full_count=0

Compilation events (20 events):
Event: 5.440 Thread 0x00000240ff9ee790 2765       1       com.sun.org.apache.xerces.internal.parsers.AbstractXMLDocumentParser::setDocumentSource (6 bytes)
Event: 5.440 Thread 0x0000024099f2ec00 nmethod 2772 0x000002408b581790 code [0x000002408b581900, 0x000002408b581978]
Event: 5.440 Thread 0x0000024099f2ec00 2716   !   4       org.apache.xmlbeans.impl.store.Xobj::find_nil (90 bytes)
Event: 5.440 Thread 0x00000240ff9ee790 nmethod 2765 0x000002408b581a90 code [0x000002408b581c20, 0x000002408b581d18]
Event: 5.440 Thread 0x00000240ff9ee790 2766       1       com.sun.org.apache.xerces.internal.impl.dtd.XMLDTDValidator::setDocumentSource (6 bytes)
Event: 5.440 Thread 0x00000240ff9ee790 nmethod 2766 0x000002408b581d90 code [0x000002408b581f20, 0x000002408b582018]
Event: 5.440 Thread 0x00000240ff9ee790 2767       1       com.sun.org.apache.xerces.internal.impl.dtd.XMLDTDValidator::setDocumentHandler (6 bytes)
Event: 5.440 Thread 0x00000240ff9ee790 nmethod 2767 0x000002408b582090 code [0x000002408b582220, 0x000002408b582318]
Event: 5.440 Thread 0x00000240ff9ee790 2757       1       javax.xml.parsers.DocumentBuilderFactory::isValidating (5 bytes)
Event: 5.440 Thread 0x00000240ff9ee790 nmethod 2757 0x000002408b582390 code [0x000002408b582520, 0x000002408b5825d8]
Event: 5.440 Thread 0x00000240ff9ee790 2758       1       com.sun.org.apache.xerces.internal.utils.XMLSecurityPropertyManager$Property::defaultValue (5 bytes)
Event: 5.440 Thread 0x00000240ff9ee790 nmethod 2758 0x000002408b582690 code [0x000002408b582820, 0x000002408b5828d8]
Event: 5.440 Thread 0x00000240ff9ee790 2761       1       com.sun.org.apache.xerces.internal.impl.XMLErrorReporter::setDocumentLocator (6 bytes)
Event: 5.440 Thread 0x00000240ff9ee790 nmethod 2761 0x000002408b582990 code [0x000002408b582b20, 0x000002408b582c18]
Event: 5.440 Thread 0x00000240ff9ee790 2774   !   3       jdk.internal.reflect.GeneratedConstructorAccessor3::newInstance (53 bytes)
Event: 5.441 Thread 0x00000240ff9ee790 nmethod 2774 0x00000240843e9890 code [0x00000240843e9ac0, 0x00000240843ea3c8]
Event: 5.441 Thread 0x0000024099f2ec00 nmethod 2716 0x000002408b582c90 code [0x000002408b582e80, 0x000002408b5830d0]
Event: 5.441 Thread 0x0000024099f2ec00 2773       4       org.apache.xmlbeans.impl.values.XmlComplexContentImpl::<init> (19 bytes)
Event: 5.442 Thread 0x0000024099f2ec00 nmethod 2773 0x000002408b583390 code [0x000002408b583520, 0x000002408b583678]
Event: 5.442 Thread 0x0000024099f2ec00 2775       4       org.apache.xmlbeans.impl.store.Saver::addMapping (334 bytes)

GC Heap History (20 events):
Event: 4.899 GC heap after
{Heap after GC invocations=13 (full 0):
 garbage-first heap   total 71680K, used 33630K [0x0000000089c00000, 0x0000000100000000)
  region size 1024K, 1 young (1024K), 1 survivors (1024K)
 Metaspace       used 22780K, capacity 22982K, committed 23088K, reserved 1071104K
  class space    used 2212K, capacity 2281K, committed 2352K, reserved 1048576K
}
Event: 4.902 GC heap before
{Heap before GC invocations=13 (full 0):
 garbage-first heap   total 71680K, used 34654K [0x0000000089c00000, 0x0000000100000000)
  region size 1024K, 3 young (3072K), 1 survivors (1024K)
 Metaspace       used 22780K, capacity 22982K, committed 23088K, reserved 1071104K
  class space    used 2212K, capacity 2281K, committed 2352K, reserved 1048576K
}
Event: 4.905 GC heap after
{Heap after GC invocations=14 (full 0):
 garbage-first heap   total 71680K, used 30751K [0x0000000089c00000, 0x0000000100000000)
  region size 1024K, 1 young (1024K), 1 survivors (1024K)
 Metaspace       used 22780K, capacity 22982K, committed 23088K, reserved 1071104K
  class space    used 2212K, capacity 2281K, committed 2352K, reserved 1048576K
}
Event: 4.952 GC heap before
{Heap before GC invocations=14 (full 0):
 garbage-first heap   total 71680K, used 46111K [0x0000000089c00000, 0x0000000100000000)
  region size 1024K, 17 young (17408K), 1 survivors (1024K)
 Metaspace       used 22788K, capacity 22982K, committed 23088K, reserved 1071104K
  class space    used 2212K, capacity 2281K, committed 2352K, reserved 1048576K
}
Event: 4.956 GC heap after
{Heap after GC invocations=15 (full 0):
 garbage-first heap   total 71680K, used 43629K [0x0000000089c00000, 0x0000000100000000)
  region size 1024K, 3 young (3072K), 3 survivors (3072K)
 Metaspace       used 22788K, capacity 22982K, committed 23088K, reserved 1071104K
  class space    used 2212K, capacity 2281K, committed 2352K, reserved 1048576K
}
Event: 4.971 GC heap before
{Heap before GC invocations=15 (full 0):
 garbage-first heap   total 71680K, used 50797K [0x0000000089c00000, 0x0000000100000000)
  region size 1024K, 10 young (10240K), 3 survivors (3072K)
 Metaspace       used 22788K, capacity 22982K, committed 23088K, reserved 1071104K
  class space    used 2212K, capacity 2281K, committed 2352K, reserved 1048576K
}
Event: 4.976 GC heap after
{Heap after GC invocations=16 (full 0):
 garbage-first heap   total 71680K, used 51200K [0x0000000089c00000, 0x0000000100000000)
  region size 1024K, 2 young (2048K), 2 survivors (2048K)
 Metaspace       used 22788K, capacity 22982K, committed 23088K, reserved 1071104K
  class space    used 2212K, capacity 2281K, committed 2352K, reserved 1048576K
}
Event: 4.991 GC heap before
{Heap before GC invocations=16 (full 0):
 garbage-first heap   total 89088K, used 53248K [0x0000000089c00000, 0x0000000100000000)
  region size 1024K, 6 young (6144K), 2 survivors (2048K)
 Metaspace       used 22788K, capacity 22982K, committed 23088K, reserved 1071104K
  class space    used 2212K, capacity 2281K, committed 2352K, reserved 1048576K
}
Event: 4.995 GC heap after
{Heap after GC invocations=17 (full 0):
 garbage-first heap   total 89088K, used 53006K [0x0000000089c00000, 0x0000000100000000)
  region size 1024K, 1 young (1024K), 1 survivors (1024K)
 Metaspace       used 22788K, capacity 22982K, committed 23088K, reserved 1071104K
  class space    used 2212K, capacity 2281K, committed 2352K, reserved 1048576K
}
Event: 5.029 GC heap before
{Heap before GC invocations=18 (full 0):
 garbage-first heap   total 89088K, used 61198K [0x0000000089c00000, 0x0000000100000000)
  region size 1024K, 9 young (9216K), 1 survivors (1024K)
 Metaspace       used 22788K, capacity 22982K, committed 23088K, reserved 1071104K
  class space    used 2212K, capacity 2281K, committed 2352K, reserved 1048576K
}
Event: 5.032 GC heap after
{Heap after GC invocations=19 (full 0):
 garbage-first heap   total 89088K, used 55802K [0x0000000089c00000, 0x0000000100000000)
  region size 1024K, 2 young (2048K), 2 survivors (2048K)
 Metaspace       used 22788K, capacity 22982K, committed 23088K, reserved 1071104K
  class space    used 2212K, capacity 2281K, committed 2352K, reserved 1048576K
}
Event: 5.042 GC heap before
{Heap before GC invocations=19 (full 0):
 garbage-first heap   total 89088K, used 57850K [0x0000000089c00000, 0x0000000100000000)
  region size 1024K, 4 young (4096K), 2 survivors (2048K)
 Metaspace       used 22788K, capacity 22982K, committed 23088K, reserved 1071104K
  class space    used 2212K, capacity 2281K, committed 2352K, reserved 1048576K
}
Event: 5.045 GC heap after
{Heap after GC invocations=20 (full 0):
 garbage-first heap   total 178176K, used 47508K [0x0000000089c00000, 0x0000000100000000)
  region size 1024K, 1 young (1024K), 1 survivors (1024K)
 Metaspace       used 22788K, capacity 22982K, committed 23088K, reserved 1071104K
  class space    used 2212K, capacity 2281K, committed 2352K, reserved 1048576K
}
Event: 5.066 GC heap before
{Heap before GC invocations=20 (full 0):
 garbage-first heap   total 178176K, used 53652K [0x0000000089c00000, 0x0000000100000000)
  region size 1024K, 8 young (8192K), 1 survivors (1024K)
 Metaspace       used 22818K, capacity 23046K, committed 23344K, reserved 1071104K
  class space    used 2212K, capacity 2281K, committed 2352K, reserved 1048576K
}
Event: 5.073 GC heap after
{Heap after GC invocations=21 (full 0):
 garbage-first heap   total 178176K, used 41455K [0x0000000089c00000, 0x0000000100000000)
  region size 1024K, 1 young (1024K), 1 survivors (1024K)
 Metaspace       used 22818K, capacity 23046K, committed 23344K, reserved 1071104K
  class space    used 2212K, capacity 2281K, committed 2352K, reserved 1048576K
}
Event: 5.193 GC heap before
{Heap before GC invocations=21 (full 0):
 garbage-first heap   total 178176K, used 94703K [0x0000000089c00000, 0x0000000100000000)
  region size 1024K, 51 young (52224K), 1 survivors (1024K)
 Metaspace       used 22885K, capacity 23116K, committed 23344K, reserved 1071104K
  class space    used 2212K, capacity 2282K, committed 2352K, reserved 1048576K
}
Event: 5.200 GC heap after
{Heap after GC invocations=22 (full 0):
 garbage-first heap   total 178176K, used 56523K [0x0000000089c00000, 0x0000000100000000)
  region size 1024K, 7 young (7168K), 7 survivors (7168K)
 Metaspace       used 22885K, capacity 23116K, committed 23344K, reserved 1071104K
  class space    used 2212K, capacity 2282K, committed 2352K, reserved 1048576K
}
Event: 5.303 GC heap before
{Heap before GC invocations=22 (full 0):
 garbage-first heap   total 178176K, used 109771K [0x0000000089c00000, 0x0000000100000000)
  region size 1024K, 57 young (58368K), 7 survivors (7168K)
 Metaspace       used 22926K, capacity 23180K, committed 23344K, reserved 1071104K
  class space    used 2212K, capacity 2282K, committed 2352K, reserved 1048576K
}
Event: 5.320 GC heap after
{Heap after GC invocations=23 (full 0):
 garbage-first heap   total 178176K, used 83642K [0x0000000089c00000, 0x0000000100000000)
  region size 1024K, 8 young (8192K), 8 survivors (8192K)
 Metaspace       used 22926K, capacity 23180K, committed 23344K, reserved 1071104K
  class space    used 2212K, capacity 2282K, committed 2352K, reserved 1048576K
}
Event: 5.446 GC heap before
{Heap before GC invocations=23 (full 0):
 garbage-first heap   total 178176K, used 117434K [0x0000000089c00000, 0x0000000100000000)
  region size 1024K, 40 young (40960K), 8 survivors (8192K)
 Metaspace       used 22967K, capacity 23250K, committed 23344K, reserved 1071104K
  class space    used 2213K, capacity 2283K, committed 2352K, reserved 1048576K
}

Deoptimization events (20 events):
Event: 5.337 Thread 0x00000240fe45aa10 DEOPT PACKING pc=0x0000024084370cf1 sp=0x00000099632fec90
Event: 5.337 Thread 0x00000240fe45aa10 DEOPT UNPACKING pc=0x000002408398e23f sp=0x00000099632fe158 mode 0
Event: 5.343 Thread 0x00000240fe45aa10 DEOPT PACKING pc=0x00000240843720d5 sp=0x00000099632fedd0
Event: 5.343 Thread 0x00000240fe45aa10 DEOPT UNPACKING pc=0x000002408398e23f sp=0x00000099632fe2b8 mode 0
Event: 5.351 Thread 0x00000240fe45aa10 DEOPT PACKING pc=0x0000024084370cf1 sp=0x00000099632fec90
Event: 5.351 Thread 0x00000240fe45aa10 DEOPT UNPACKING pc=0x000002408398e23f sp=0x00000099632fe158 mode 0
Event: 5.356 Thread 0x00000240fe45aa10 DEOPT PACKING pc=0x00000240843720d5 sp=0x00000099632fedd0
Event: 5.356 Thread 0x00000240fe45aa10 DEOPT UNPACKING pc=0x000002408398e23f sp=0x00000099632fe2b8 mode 0
Event: 5.371 Thread 0x00000240fe45aa10 DEOPT PACKING pc=0x0000024084370cf1 sp=0x00000099632fec90
Event: 5.371 Thread 0x00000240fe45aa10 DEOPT UNPACKING pc=0x000002408398e23f sp=0x00000099632fe158 mode 0
Event: 5.374 Thread 0x00000240994fc130 DEOPT PACKING pc=0x0000024083f62da9 sp=0x00000099648fec70
Event: 5.374 Thread 0x00000240994fc130 DEOPT UNPACKING pc=0x000002408398e23f sp=0x00000099648fe0e8 mode 0
Event: 5.440 Thread 0x00000240fe45aa10 Uncommon trap: trap_request=0xffffffde fr.pc=0x000002408b56e65c relative=0x0000000000002b5c
Event: 5.440 Thread 0x00000240fe45aa10 Uncommon trap: reason=class_check action=maybe_recompile pc=0x000002408b56e65c method=org.apache.xmlbeans.impl.store.Xobj.compute_flags()I @ 29 c2
Event: 5.440 Thread 0x00000240fe45aa10 DEOPT PACKING pc=0x000002408b56e65c sp=0x00000099632fe330
Event: 5.440 Thread 0x00000240fe45aa10 DEOPT UNPACKING pc=0x000002408398e42f sp=0x00000099632fe250 mode 2
Event: 5.440 Thread 0x00000240fe45aa10 Uncommon trap: trap_request=0xffffffde fr.pc=0x000002408b56e65c relative=0x0000000000002b5c
Event: 5.440 Thread 0x00000240fe45aa10 Uncommon trap: reason=class_check action=maybe_recompile pc=0x000002408b56e65c method=org.apache.xmlbeans.impl.store.Xobj.compute_flags()I @ 29 c2
Event: 5.440 Thread 0x00000240fe45aa10 DEOPT PACKING pc=0x000002408b56e65c sp=0x00000099632fe300
Event: 5.440 Thread 0x00000240fe45aa10 DEOPT UNPACKING pc=0x000002408398e42f sp=0x00000099632fe220 mode 2

Classes unloaded (0 events):
No events

Classes redefined (0 events):
No events

Internal exceptions (15 events):
Event: 0.147 Thread 0x00000240fe45aa10 Exception <a 'java/io/FileNotFoundException'{0x000000009118ae08}> (0x000000009118ae08) 
thrown [./open/src/hotspot/share/prims/jni.cpp, line 578]
Event: 0.169 Thread 0x00000240fe45aa10 Exception <a 'java/lang/NoSuchMethodError'{0x0000000091011548}: 'void java.lang.invoke.DirectMethodHandle$Holder.invokeStatic(java.lang.Object, java.lang.Object)'> (0x0000000091011548) 
thrown [./open/src/hotspot/share/interpreter/linkResolver.cpp, line 782]
Event: 0.170 Thread 0x00000240fe45aa10 Exception <a 'java/lang/NoSuchMethodError'{0x0000000091015a20}: 'void java.lang.invoke.DirectMethodHandle$Holder.invokeStaticInit(java.lang.Object, java.lang.Object)'> (0x0000000091015a20) 
thrown [./open/src/hotspot/share/interpreter/linkResolver.cpp, line 782]
Event: 0.178 Thread 0x00000240fe45aa10 Exception <a 'java/lang/NoSuchMethodError'{0x0000000091044940}: 'java.lang.Object java.lang.invoke.DirectMethodHandle$Holder.invokeStatic(java.lang.Object)'> (0x0000000091044940) 
thrown [./open/src/hotspot/share/interpreter/linkResolver.cpp, line 782]
Event: 0.181 Thread 0x00000240fe45aa10 Exception <a 'java/lang/NoSuchMethodError'{0x000000009104ec70}: 'java.lang.Object java.lang.invoke.DirectMethodHandle$Holder.invokeStaticInit(java.lang.Object, int, int, int, int)'> (0x000000009104ec70) 
thrown [./open/src/hotspot/share/interpreter/linkResolver.cpp, line 782]
Event: 0.194 Thread 0x00000240fe45aa10 Exception <a 'java/lang/NoSuchMethodError'{0x0000000091067808}: 'java.lang.Object java.lang.invoke.DirectMethodHandle$Holder.invokeStaticInit(java.lang.Object)'> (0x0000000091067808) 
thrown [./open/src/hotspot/share/interpreter/linkResolver.cpp, line 782]
Event: 0.234 Thread 0x00000240fe45aa10 Exception <a 'java/lang/NoSuchMethodError'{0x000000009108d5a8}: 'void java.lang.invoke.DirectMethodHandle$Holder.invokeSpecial(java.lang.Object, java.lang.Object, java.lang.Object)'> (0x000000009108d5a8) 
thrown [./open/src/hotspot/share/interpreter/linkResolver.cpp, line 782]
Event: 0.260 Thread 0x00000240fe45aa10 Exception <a 'sun/nio/fs/WindowsException'{0x0000000090fd7908}> (0x0000000090fd7908) 
thrown [./open/src/hotspot/share/prims/jni.cpp, line 578]
Event: 0.325 Thread 0x00000240fe45aa10 Exception <a 'java/lang/NoSuchMethodError'{0x0000000090eb4528}: 'java.lang.Object java.lang.invoke.DirectMethodHandle$Holder.invokeStaticInit(java.lang.Object, java.lang.Object, int, int, int, int)'> (0x0000000090eb4528) 
thrown [./open/src/hotspot/share/interpreter/linkResolver.cpp, line 782]
Event: 0.413 Thread 0x00000240fe45aa10 Implicit null exception at 0x000002408b436eca to 0x000002408b4376a7
Event: 0.516 Thread 0x00000240fe45aa10 Exception <a 'java/lang/NoSuchMethodError'{0x0000000090a7a448}: 'java.lang.Object java.lang.invoke.DirectMethodHandle$Holder.invokeInterface(java.lang.Object, java.lang.Object)'> (0x0000000090a7a448) 
thrown [./open/src/hotspot/share/interpreter/linkResolver.cpp, line 782]
Event: 0.536 Thread 0x00000240fe45aa10 Exception <a 'java/lang/NoSuchMethodError'{0x0000000090908f00}: 'void java.lang.invoke.DirectMethodHandle$Holder.invokeStatic(java.lang.Object, java.lang.Object, java.lang.Object)'> (0x0000000090908f00) 
thrown [./open/src/hotspot/share/interpreter/linkResolver.cpp, line 782]
Event: 0.537 Thread 0x00000240fe45aa10 Exception <a 'java/lang/NoSuchMethodError'{0x0000000090913b08}: 'java.lang.Object java.lang.invoke.DirectMethodHandle$Holder.invokeVirtual(java.lang.Object, java.lang.Object, java.lang.Object)'> (0x0000000090913b08) 
thrown [./open/src/hotspot/share/interpreter/linkResolver.cpp, line 782]
Event: 4.251 Thread 0x00000240fe45aa10 Implicit null exception at 0x000002408b481f58 to 0x000002408b481fe6
Event: 4.476 Thread 0x00000240fe45aa10 Implicit null exception at 0x000002408b4b4dd8 to 0x000002408b4b54f5

Events (20 events):
Event: 4.956 Executing VM operation: G1CollectForAllocation done
Event: 4.971 Executing VM operation: G1CollectForAllocation
Event: 4.977 Executing VM operation: G1CollectForAllocation done
Event: 4.989 Executing VM operation: G1Concurrent
Event: 4.990 Executing VM operation: G1Concurrent done
Event: 4.991 Executing VM operation: G1CollectForAllocation
Event: 4.995 Executing VM operation: G1CollectForAllocation done
Event: 5.004 Executing VM operation: G1Concurrent
Event: 5.004 Executing VM operation: G1Concurrent done
Event: 5.029 Executing VM operation: G1CollectForAllocation
Event: 5.032 Executing VM operation: G1CollectForAllocation done
Event: 5.042 Executing VM operation: G1CollectForAllocation
Event: 5.045 Executing VM operation: G1CollectForAllocation done
Event: 5.066 Executing VM operation: G1CollectForAllocation
Event: 5.073 Executing VM operation: G1CollectForAllocation done
Event: 5.193 Executing VM operation: G1CollectForAllocation
Event: 5.201 Executing VM operation: G1CollectForAllocation done
Event: 5.303 Executing VM operation: G1CollectForAllocation
Event: 5.320 Executing VM operation: G1CollectForAllocation done
Event: 5.446 Executing VM operation: G1CollectForAllocation


Dynamic libraries:
0x00007ff6098e0000 - 0x00007ff6098ed000 	C:\Users\18018\.p2\pool\plugins\org.eclipse.justj.openjdk.hotspot.jre.full.win32.x86_64_15.0.1.v20201027-0507\jre\bin\javaw.exe
0x00007ffa00000000 - 0x00007ffa00209000 	C:\WINDOWS\SYSTEM32\ntdll.dll
0x00007ff9ff440000 - 0x00007ff9ff4fd000 	C:\WINDOWS\System32\KERNEL32.DLL
0x00007ff9fd890000 - 0x00007ff9fdc0c000 	C:\WINDOWS\System32\KERNELBASE.dll
0x00007ff9fdcb0000 - 0x00007ff9fddc1000 	C:\WINDOWS\System32\ucrtbase.dll
0x00007ff9e4170000 - 0x00007ff9e4189000 	C:\Users\18018\.p2\pool\plugins\org.eclipse.justj.openjdk.hotspot.jre.full.win32.x86_64_15.0.1.v20201027-0507\jre\bin\VCRUNTIME140.dll
0x00007ff9e4db0000 - 0x00007ff9e4dc8000 	C:\Users\18018\.p2\pool\plugins\org.eclipse.justj.openjdk.hotspot.jre.full.win32.x86_64_15.0.1.v20201027-0507\jre\bin\jli.dll
0x00007ff9ffd50000 - 0x00007ff9ffefd000 	C:\WINDOWS\System32\USER32.dll
0x00007ff9fd6f0000 - 0x00007ff9fd716000 	C:\WINDOWS\System32\win32u.dll
0x00007ff9e55a0000 - 0x00007ff9e5845000 	C:\WINDOWS\WinSxS\amd64_microsoft.windows.common-controls_6595b64144ccf1df_6.0.22000.120_none_9d947278b86cc467\COMCTL32.dll
0x00007ff9ff800000 - 0x00007ff9ff829000 	C:\WINDOWS\System32\GDI32.dll
0x00007ff9ff8a0000 - 0x00007ff9ff943000 	C:\WINDOWS\System32\msvcrt.dll
0x00007ff9fd4e0000 - 0x00007ff9fd5f9000 	C:\WINDOWS\System32\gdi32full.dll
0x00007ff9fdc10000 - 0x00007ff9fdcad000 	C:\WINDOWS\System32\msvcp_win.dll
0x00007ff9fe5d0000 - 0x00007ff9fe601000 	C:\WINDOWS\System32\IMM32.DLL
0x00007ff9f9040000 - 0x00007ff9f904c000 	C:\Users\18018\.p2\pool\plugins\org.eclipse.justj.openjdk.hotspot.jre.full.win32.x86_64_15.0.1.v20201027-0507\jre\bin\vcruntime140_1.dll
0x00007ff9d5e00000 - 0x00007ff9d5e91000 	C:\Users\18018\.p2\pool\plugins\org.eclipse.justj.openjdk.hotspot.jre.full.win32.x86_64_15.0.1.v20201027-0507\jre\bin\msvcp140.dll
0x00007ff9a6020000 - 0x00007ff9a6b7e000 	C:\Users\18018\.p2\pool\plugins\org.eclipse.justj.openjdk.hotspot.jre.full.win32.x86_64_15.0.1.v20201027-0507\jre\bin\server\jvm.dll
0x00007ff9ff150000 - 0x00007ff9ff1fe000 	C:\WINDOWS\System32\ADVAPI32.dll
0x00007ff9fe520000 - 0x00007ff9fe5be000 	C:\WINDOWS\System32\sechost.dll
0x00007ff9ff510000 - 0x00007ff9ff630000 	C:\WINDOWS\System32\RPCRT4.dll
0x00007ff9ff500000 - 0x00007ff9ff508000 	C:\WINDOWS\System32\PSAPI.DLL
0x00007ff9ea3c0000 - 0x00007ff9ea3c9000 	C:\WINDOWS\SYSTEM32\WSOCK32.dll
0x00007ff9fe360000 - 0x00007ff9fe3cf000 	C:\WINDOWS\System32\WS2_32.dll
0x00007ff9f3fa0000 - 0x00007ff9f3fd3000 	C:\WINDOWS\SYSTEM32\WINMM.dll
0x00007ff9f3fe0000 - 0x00007ff9f3fea000 	C:\WINDOWS\SYSTEM32\VERSION.dll
0x00007ff9fc630000 - 0x00007ff9fc648000 	C:\WINDOWS\SYSTEM32\kernel.appcore.dll
0x00007ff9f9e60000 - 0x00007ff9f9e6a000 	C:\Users\18018\.p2\pool\plugins\org.eclipse.justj.openjdk.hotspot.jre.full.win32.x86_64_15.0.1.v20201027-0507\jre\bin\jimage.dll
0x00007ff9faf80000 - 0x00007ff9fb1a1000 	C:\WINDOWS\SYSTEM32\DBGHELP.DLL
0x00007ff9e0140000 - 0x00007ff9e0171000 	C:\WINDOWS\SYSTEM32\dbgcore.DLL
0x00007ff9fd600000 - 0x00007ff9fd67f000 	C:\WINDOWS\System32\bcryptPrimitives.dll
0x00007ff9e3a20000 - 0x00007ff9e3a45000 	C:\Users\18018\.p2\pool\plugins\org.eclipse.justj.openjdk.hotspot.jre.full.win32.x86_64_15.0.1.v20201027-0507\jre\bin\java.dll
0x00007ff9eb1b0000 - 0x00007ff9eb1c8000 	C:\Users\18018\.p2\pool\plugins\org.eclipse.justj.openjdk.hotspot.jre.full.win32.x86_64_15.0.1.v20201027-0507\jre\bin\zip.dll
0x00007ff9fe610000 - 0x00007ff9fedc8000 	C:\WINDOWS\System32\SHELL32.dll
0x00007ff9fb640000 - 0x00007ff9fbea8000 	C:\WINDOWS\SYSTEM32\windows.storage.dll
0x00007ff9fedd0000 - 0x00007ff9ff149000 	C:\WINDOWS\System32\combase.dll
0x00007ff9fb4d0000 - 0x00007ff9fb636000 	C:\WINDOWS\SYSTEM32\wintypes.dll
0x00007ff9ff350000 - 0x00007ff9ff43a000 	C:\WINDOWS\System32\SHCORE.dll
0x00007ff9fde90000 - 0x00007ff9fdeed000 	C:\WINDOWS\System32\shlwapi.dll
0x00007ff9fd410000 - 0x00007ff9fd431000 	C:\WINDOWS\SYSTEM32\profapi.dll
0x00007ff9e4d60000 - 0x00007ff9e4d79000 	C:\Users\18018\.p2\pool\plugins\org.eclipse.justj.openjdk.hotspot.jre.full.win32.x86_64_15.0.1.v20201027-0507\jre\bin\net.dll
0x00007ff9f7fb0000 - 0x00007ff9f80bc000 	C:\WINDOWS\SYSTEM32\WINHTTP.dll
0x00007ff9fcaa0000 - 0x00007ff9fcb07000 	C:\WINDOWS\system32\mswsock.dll
0x00007ff9e4a40000 - 0x00007ff9e4a52000 	C:\Users\18018\.p2\pool\plugins\org.eclipse.justj.openjdk.hotspot.jre.full.win32.x86_64_15.0.1.v20201027-0507\jre\bin\nio.dll
0x00007ff9f8a40000 - 0x00007ff9f8a50000 	C:\Users\18018\.p2\pool\plugins\org.eclipse.justj.openjdk.hotspot.jre.full.win32.x86_64_15.0.1.v20201027-0507\jre\bin\verify.dll
0x00007ff9fc120000 - 0x00007ff9fc208000 	C:\WINDOWS\SYSTEM32\DNSAPI.dll
0x00007ff9fc0f0000 - 0x00007ff9fc11d000 	C:\WINDOWS\SYSTEM32\IPHLPAPI.DLL
0x00007ff9fe3d0000 - 0x00007ff9fe3d9000 	C:\WINDOWS\System32\NSI.dll
0x00007ff9f5f60000 - 0x00007ff9f5f6a000 	C:\Windows\System32\rasadhlp.dll
0x00007ff9f1cc0000 - 0x00007ff9f1d41000 	C:\WINDOWS\System32\fwpuclnt.dll
0x00007ff9eac30000 - 0x00007ff9eac3d000 	C:\Users\18018\.p2\pool\plugins\org.eclipse.justj.openjdk.hotspot.jre.full.win32.x86_64_15.0.1.v20201027-0507\jre\bin\sunmscapi.dll
0x00007ff9fd720000 - 0x00007ff9fd882000 	C:\WINDOWS\System32\CRYPT32.dll
0x00007ff9fce90000 - 0x00007ff9fceb8000 	C:\WINDOWS\SYSTEM32\ncrypt.dll
0x00007ff9fce50000 - 0x00007ff9fce87000 	C:\WINDOWS\SYSTEM32\NTASN1.dll
0x00007ff9fcd30000 - 0x00007ff9fcd48000 	C:\WINDOWS\SYSTEM32\CRYPTSP.dll
0x00007ff9fc590000 - 0x00007ff9fc5c5000 	C:\WINDOWS\system32\rsaenh.dll
0x00007ff9fcbe0000 - 0x00007ff9fcc09000 	C:\WINDOWS\SYSTEM32\USERENV.dll
0x00007ff9fcec0000 - 0x00007ff9fcee7000 	C:\WINDOWS\SYSTEM32\bcrypt.dll
0x00007ff9fcd50000 - 0x00007ff9fcd5c000 	C:\WINDOWS\SYSTEM32\CRYPTBASE.dll
0x00007ff9f5f70000 - 0x00007ff9f5f89000 	C:\WINDOWS\SYSTEM32\dhcpcsvc6.DLL
0x00007ff9f6100000 - 0x00007ff9f611e000 	C:\WINDOWS\SYSTEM32\dhcpcsvc.DLL

dbghelp: loaded successfully - version: 4.0.5 - missing functions: none
symbol engine: initialized successfully - sym options: 0x614 - pdb path: .;C:\Users\18018\.p2\pool\plugins\org.eclipse.justj.openjdk.hotspot.jre.full.win32.x86_64_15.0.1.v20201027-0507\jre\bin;C:\WINDOWS\SYSTEM32;C:\WINDOWS\WinSxS\amd64_microsoft.windows.common-controls_6595b64144ccf1df_6.0.22000.120_none_9d947278b86cc467;C:\Users\18018\.p2\pool\plugins\org.eclipse.justj.openjdk.hotspot.jre.full.win32.x86_64_15.0.1.v20201027-0507\jre\bin\server

VM Arguments:
jvm_args: -Dfile.encoding=Cp1252 -XX:+ShowCodeDetailsInExceptionMessages 
java_command: Pokédex
java_class_path (initial): C:\Users\18018\eclipse-workspace\307_final\bin;C:\Users\18018\eclipse-workspace\307_Database_Application\src\jsch-0.1.55.jar;C:\Users\18018\eclipse-workspace\307_Database_Application\src\mysql-connector-java-8.0.21.jar;C:\Users\18018\Downloads\xmlbeans-2.6.0.jar;C:\Users\18018\Downloads\poi-ooxml-schemas-3.17.jar;C:\Users\18018\Downloads\poi-ooxml-3.17.jar;C:\Users\18018\Downloads\poi-3.17.jar;C:\Users\18018\Downloads\commons-collections4-4.1.jar
Launcher Type: SUN_STANDARD

[Global flags]
     intx CICompilerCount                          = 3                                         {product} {ergonomic}
     uint ConcGCThreads                            = 2                                         {product} {ergonomic}
     uint G1ConcRefinementThreads                  = 6                                         {product} {ergonomic}
   size_t G1HeapRegionSize                         = 1048576                                   {product} {ergonomic}
    uintx GCDrainStackTargetSize                   = 64                                        {product} {ergonomic}
   size_t InitialHeapSize                          = 125829120                                 {product} {ergonomic}
   size_t MarkStackSize                            = 4194304                                   {product} {ergonomic}
   size_t MaxHeapSize                              = 1983905792                                {product} {ergonomic}
   size_t MaxNewSize                               = 1190133760                                {product} {ergonomic}
   size_t MinHeapDeltaBytes                        = 1048576                                   {product} {ergonomic}
   size_t MinHeapSize                              = 8388608                                   {product} {ergonomic}
    uintx NonNMethodCodeHeapSize                   = 5832780                                {pd product} {ergonomic}
    uintx NonProfiledCodeHeapSize                  = 122912730                              {pd product} {ergonomic}
    uintx ProfiledCodeHeapSize                     = 122912730                              {pd product} {ergonomic}
    uintx ReservedCodeCacheSize                    = 251658240                              {pd product} {ergonomic}
     bool SegmentedCodeCache                       = true                                      {product} {ergonomic}
     bool ShowCodeDetailsInExceptionMessages       = true                                   {manageable} {command line}
   size_t SoftMaxHeapSize                          = 1983905792                             {manageable} {ergonomic}
     bool UseCompressedClassPointers               = true                                 {lp64_product} {ergonomic}
     bool UseCompressedOops                        = true                                 {lp64_product} {ergonomic}
     bool UseG1GC                                  = true                                      {product} {ergonomic}
     bool UseLargePagesIndividualAllocation        = false                                  {pd product} {ergonomic}

Logging:
Log output configuration:
 #0: stdout all=warning uptime,level,tags
 #1: stderr all=off uptime,level,tags

Environment Variables:
PATH=C:/Users/18018/.p2/pool/plugins/org.eclipse.justj.openjdk.hotspot.jre.full.win32.x86_64_15.0.1.v20201027-0507/jre/bin/server;C:/Users/18018/.p2/pool/plugins/org.eclipse.justj.openjdk.hotspot.jre.full.win32.x86_64_15.0.1.v20201027-0507/jre/bin;C:\WINDOWS\system32;C:\WINDOWS;C:\WINDOWS\System32\Wbem;C:\WINDOWS\System32\WindowsPowerShell\v1.0\;C:\WINDOWS\System32\OpenSSH\;C:\Users\18018\AppData\Local\Microsoft\WindowsApps;;C:\Users\18018\OneDrive\Desktop\CMPT;
USERNAME=18018
OS=Windows_NT
PROCESSOR_IDENTIFIER=AMD64 Family 23 Model 96 Stepping 1, AuthenticAMD



---------------  S Y S T E M  ---------------

OS:
 Windows 10 , 64 bit Build 22000 (10.0.22000.708)
OS uptime: 50 days 9:31 hours

CPU: total 6 (initial active 6) (6 cores per cpu, 1 threads per core) family 23 model 96 stepping 1 microcode 0x0, cmov, cx8, fxsr, mmx, sse, sse2, sse3, ssse3, sse4.1, sse4.2, popcnt, vzeroupper, avx, avx2, aes, clmul, 3dnowpref, lzcnt, sse4a, tsc, tscinvbit, tscinv, bmi1, bmi2, adx, sha, fma, clflush, clflushopt

Memory: 4k page, system-wide physical 7564M (533M free)
TotalPageFile size 31099M (AvailPageFile size 229M)
current process WorkingSet (physical memory assigned to process): 241M, peak: 241M
current process commit charge ("private bytes"): 295M, peak: 607M

vm_info: OpenJDK 64-Bit Server VM (15.0.1+9-18) for windows-amd64 JRE (15.0.1+9-18), built on Sep 15 2020 14:39:31 by "mach5one" with unknown MS VC++:1925

END.
