#
# There is insufficient memory for the Java Runtime Environment to continue.
# Native memory allocation (mmap) failed to map 348127232 bytes for G1 virtual space
# Possible reasons:
#   The system is out of physical RAM or swap space
#   The process is running with CompressedOops enabled, and the Java Heap may be blocking the growth of the native heap
# Possible solutions:
#   Reduce memory load on the system
#   Increase physical memory or swap space
#   Check if swap backing store is full
#   Decrease Java heap size (-Xmx/-Xms)
#   Decrease number of Java threads
#   Decrease Java thread stack sizes (-Xss)
#   Set larger code cache with -XX:ReservedCodeCacheSize=
#   JVM is running with Unscaled Compressed Oops mode in which the Java heap is
#     placed in the first 4GB address space. The Java Heap base address is the
#     maximum limit for the native heap growth. Please use -XX:HeapBaseMinAddress
#     to set the Java Heap base and to place the Java Heap above 4GB virtual address.
# This output file may be truncated or incomplete.
#
#  Out of Memory Error (./open/src/hotspot/os/windows/os_windows.cpp:3472), pid=32764, tid=19744
#
# JRE version: OpenJDK Runtime Environment (15.0.1+9) (build 15.0.1+9-18)
# Java VM: OpenJDK 64-Bit Server VM (15.0.1+9-18, mixed mode, tiered, compressed oops, g1 gc, windows-amd64)
# No core dump will be written. Minidumps are not enabled by default on client versions of Windows
#

---------------  S U M M A R Y ------------

Command Line: -Dfile.encoding=Cp1252 -XX:+ShowCodeDetailsInExceptionMessages Pokédex

Host: AMD Ryzen 5 4500U with Radeon Graphics         , 6 cores, 7G,  Windows 10 , 64 bit Build 22000 (10.0.22000.708)
Time: Thu Nov 24 06:09:30 2022 Mountain Standard Time elapsed time: 14.570795 seconds (0d 0h 0m 14s)

---------------  T H R E A D  ---------------

Current thread (0x000001b74667a310):  VMThread "VM Thread" [stack: 0x0000004b00500000,0x0000004b00600000] [id=19744]

Stack: [0x0000004b00500000,0x0000004b00600000]
[error occurred during error reporting (printing stack bounds), id 0xc0000005, EXCEPTION_ACCESS_VIOLATION (0xc0000005) at pc=0x000001b72ff410ad]

Native frames: (J=compiled Java code, j=interpreted, Vv=VM code, C=native code)
V  [jvm.dll+0x62ae9a]
V  [jvm.dll+0x781389]
V  [jvm.dll+0x782ae3]
V  [jvm.dll+0x7830a5]
V  [jvm.dll+0x78305b]
V  [jvm.dll+0x62a2b9]
V  [jvm.dll+0x62aa88]
C  [ntdll.dll+0xa8b1f]
C  [ntdll.dll+0x35b9a]
C  [ntdll.dll+0xa7b2e]
C  0x000001b72ff410ad

VM_Operation (0x0000004b7fffdcd0): G1CollectForAllocation, mode: safepoint, requested by thread 0x000001b72ad02280


---------------  P R O C E S S  ---------------

Threads class SMR info:
_java_thread_list=0x000001b74852f6b0, length=16, elements={
0x000001b72ad02280, 0x000001b746ed2010, 0x000001b746ed3160, 0x000001b7466b4f80,
0x000001b7466b5840, 0x000001b7466b6990, 0x000001b7466bde70, 0x000001b746eeacc0,
0x000001b746eebd60, 0x000001b747069c20, 0x000001b74706e870, 0x000001b747b8cbf0,
0x000001b7476ffa30, 0x000001b747973dd0, 0x000001b747bfb3a0, 0x000001b7471494e0
}

Java Threads: ( => current thread )
  0x000001b72ad02280 JavaThread "main" [_thread_blocked, id=2860, stack(0x0000004b7ff00000,0x0000004b80000000)]
  0x000001b746ed2010 JavaThread "Reference Handler" daemon [_thread_blocked, id=16152, stack(0x0000004b00600000,0x0000004b00700000)]
  0x000001b746ed3160 JavaThread "Finalizer" daemon [_thread_blocked, id=11044, stack(0x0000004b00700000,0x0000004b00800000)]
  0x000001b7466b4f80 JavaThread "Signal Dispatcher" daemon [_thread_blocked, id=24424, stack(0x0000004b00800000,0x0000004b00900000)]
  0x000001b7466b5840 JavaThread "Attach Listener" daemon [_thread_blocked, id=30732, stack(0x0000004b00900000,0x0000004b00a00000)]
  0x000001b7466b6990 JavaThread "Service Thread" daemon [_thread_blocked, id=11680, stack(0x0000004b00a00000,0x0000004b00b00000)]
  0x000001b7466bde70 JavaThread "C2 CompilerThread0" daemon [_thread_blocked, id=31908, stack(0x0000004b00b00000,0x0000004b00c00000)]
  0x000001b746eeacc0 JavaThread "C1 CompilerThread0" daemon [_thread_blocked, id=14768, stack(0x0000004b00c00000,0x0000004b00d00000)]
  0x000001b746eebd60 JavaThread "Sweeper thread" daemon [_thread_blocked, id=8268, stack(0x0000004b00d00000,0x0000004b00e00000)]
  0x000001b747069c20 JavaThread "Notification Thread" daemon [_thread_blocked, id=28824, stack(0x0000004b00e00000,0x0000004b00f00000)]
  0x000001b74706e870 JavaThread "Common-Cleaner" daemon [_thread_blocked, id=14744, stack(0x0000004b01000000,0x0000004b01100000)]
  0x000001b747b8cbf0 JavaThread "Connect thread cs.westminstercollege.edu session" [_thread_in_native, id=15480, stack(0x0000004b01200000,0x0000004b01300000)]
  0x000001b7476ffa30 JavaThread "PortWatcher Thread for localhost" [_thread_in_native, id=22724, stack(0x0000004b01300000,0x0000004b01400000)]
  0x000001b747973dd0 JavaThread "mysql-cj-abandoned-connection-cleanup" daemon [_thread_blocked, id=11280, stack(0x0000004b01400000,0x0000004b01500000)]
  0x000001b747bfb3a0 JavaThread "DirectTCPIP thread cs.westminstercollege.edu" [_thread_in_native, id=5640, stack(0x0000004b01500000,0x0000004b01600000)]
  0x000001b7471494e0 JavaThread "C2 CompilerThread1" daemon [_thread_in_native, id=32472, stack(0x0000004b01100000,0x0000004b01200000)]

Other Threads:
=>0x000001b74667a310 VMThread "VM Thread" [stack: 0x0000004b00500000,0x0000004b00600000] [id=19744]
  0x000001b74706a500 WatcherThread [stack: 0x0000004b00f00000,0x0000004b01000000] [id=10848]
  0x000001b72ad3e250 GCTaskThread "GC Thread#0" [stack: 0x0000004b00000000,0x0000004b00100000] [id=5128]
  0x000001b7471b62c0 GCTaskThread "GC Thread#1" [stack: 0x0000004b01600000,0x0000004b01700000] [id=31496]
  0x000001b7471b6f80 GCTaskThread "GC Thread#2" [stack: 0x0000004b01700000,0x0000004b01800000] [id=27056]
  0x000001b7471b65f0 GCTaskThread "GC Thread#3" [stack: 0x0000004b01800000,0x0000004b01900000] [id=30380]
  0x000001b7471b5c60 GCTaskThread "GC Thread#4" [stack: 0x0000004b01900000,0x0000004b01a00000] [id=20132]
  0x000001b7471b4c70 GCTaskThread "GC Thread#5" [stack: 0x0000004b01a00000,0x0000004b01b00000] [id=6828]
  0x000001b72ad50040 ConcurrentGCThread "G1 Main Marker" [stack: 0x0000004b00100000,0x0000004b00200000] [id=1760]
  0x000001b72ad51d40 ConcurrentGCThread "G1 Conc#0" [stack: 0x0000004b00200000,0x0000004b00300000] [id=21460]
  0x000001b7471b4610 ConcurrentGCThread "G1 Conc#1" [stack: 0x0000004b01d00000,0x0000004b01e00000] [id=12376]
  0x000001b72adc46f0 ConcurrentGCThread "G1 Refine#0" [stack: 0x0000004b00300000,0x0000004b00400000] [id=29868]
  0x000001b74852e880 ConcurrentGCThread "G1 Refine#1" [stack: 0x0000004b01b00000,0x0000004b01c00000] [id=23584]
  0x000001b74852ebe0 ConcurrentGCThread "G1 Refine#2" [stack: 0x0000004b01c00000,0x0000004b01d00000] [id=6968]
  0x000001b747b7c050 ConcurrentGCThread "G1 Refine#3" [stack: 0x0000004b01e00000,0x0000004b01f00000] [id=28080]
  0x000001b747c9c030 ConcurrentGCThread "G1 Refine#4" [stack: 0x0000004b01f00000,0x0000004b02000000] [id=32616]
  0x000001b749dc2400 ConcurrentGCThread "G1 Refine#5" [stack: 0x0000004b02000000,0x0000004b02100000] [id=12012]
  0x000001b72adc4f30 ConcurrentGCThread "G1 Young RemSet Sampling" [stack: 0x0000004b00400000,0x0000004b00500000] [id=11416]

Threads with active compile tasks:
C2 CompilerThread0    14584 2706       4       org.apache.poi.xssf.usermodel.XSSFSheet::onReadCell (229 bytes)
C2 CompilerThread1    14584 2710   !   4       org.apache.xmlbeans.impl.values.XmlObjectBase::check_dated (270 bytes)

VM state: at safepoint (normal execution)

VM Mutex/Monitor currently owned by a thread:  ([mutex/lock_event])
[0x000001b72acfc7b0] Threads_lock - owner thread: 0x000001b74667a310
[0x000001b72acfd0b0] Heap_lock - owner thread: 0x000001b72ad02280

Heap address: 0x0000000089c00000, size: 1892 MB, Compressed Oops mode: 32-bit
CDS disabled.
Compressed class space mapped at: 0x0000000100000000-0x0000000140000000, size: 1073741824
Narrow klass base: 0x0000000000000000, Narrow klass shift: 3, Narrow klass range: 0x140000000

GC Precious Log:
 CPUs: 6 total, 6 available
 Memory: 7564M
 Large Page Support: Disabled
 NUMA Support: Disabled
 Compressed Oops: Enabled (32-bit)
 Heap Region Size: 1M
 Heap Min Capacity: 8M
 Heap Initial Capacity: 120M
 Heap Max Capacity: 1892M
 Pre-touch: Disabled
 Parallel Workers: 6
 Concurrent Workers: 2
 Concurrent Refinement Workers: 6
 Periodic GC: Disabled

Heap:
 garbage-first heap   total 518144K, used 90624K [0x0000000089c00000, 0x0000000100000000)
  region size 1024K, 5 young (5120K), 5 survivors (5120K)
 Metaspace       used 22810K, capacity 23070K, committed 23216K, reserved 1071104K
  class space    used 2193K, capacity 2283K, committed 2304K, reserved 1048576K

Heap Regions: E=young(eden), S=young(survivor), O=old, HS=humongous(starts), HC=humongous(continues), CS=collection set, F=free, OA=open archive, CA=closed archive, TAMS=top-at-mark-start (previous, next)
|   0|0x0000000089c00000, 0x0000000089d00000, 0x0000000089d00000|100%|HS|  |TAMS 0x0000000089d00000, 0x0000000089c00000| Complete 
|   1|0x0000000089d00000, 0x0000000089e00000, 0x0000000089e00000|100%| O|  |TAMS 0x0000000089e00000, 0x0000000089d00000| Untracked 
|   2|0x0000000089e00000, 0x0000000089f00000, 0x0000000089f00000|100%| O|  |TAMS 0x0000000089f00000, 0x0000000089e00000| Untracked 
|   3|0x0000000089f00000, 0x000000008a000000, 0x000000008a000000|100%| O|  |TAMS 0x000000008a000000, 0x0000000089f00000| Untracked 
|   4|0x000000008a000000, 0x000000008a100000, 0x000000008a100000|100%| O|  |TAMS 0x000000008a100000, 0x000000008a000000| Untracked 
|   5|0x000000008a100000, 0x000000008a200000, 0x000000008a200000|100%| O|  |TAMS 0x000000008a100000, 0x000000008a100000| Untracked 
|   6|0x000000008a200000, 0x000000008a300000, 0x000000008a300000|100%| O|  |TAMS 0x000000008a300000, 0x000000008a200000| Untracked 
|   7|0x000000008a300000, 0x000000008a400000, 0x000000008a400000|100%| O|  |TAMS 0x000000008a400000, 0x000000008a300000| Untracked 
|   8|0x000000008a400000, 0x000000008a400000, 0x000000008a500000|  0%| F|  |TAMS 0x000000008a400000, 0x000000008a400000| Untracked 
|   9|0x000000008a500000, 0x000000008a600000, 0x000000008a600000|100%|HS|  |TAMS 0x000000008a500000, 0x000000008a500000| Complete 
|  10|0x000000008a600000, 0x000000008a700000, 0x000000008a700000|100%| O|  |TAMS 0x000000008a600000, 0x000000008a600000| Untracked 
|  11|0x000000008a700000, 0x000000008a800000, 0x000000008a800000|100%| O|  |TAMS 0x000000008a800000, 0x000000008a700000| Untracked 
|  12|0x000000008a800000, 0x000000008a900000, 0x000000008a900000|100%| O|  |TAMS 0x000000008a800000, 0x000000008a800000| Untracked 
|  13|0x000000008a900000, 0x000000008aa00000, 0x000000008aa00000|100%| O|  |TAMS 0x000000008aa00000, 0x000000008a900000| Untracked 
|  14|0x000000008aa00000, 0x000000008ab00000, 0x000000008ab00000|100%| O|  |TAMS 0x000000008aa00000, 0x000000008aa00000| Untracked 
|  15|0x000000008ab00000, 0x000000008ac00000, 0x000000008ac00000|100%| O|  |TAMS 0x000000008ab00000, 0x000000008ab00000| Untracked 
|  16|0x000000008ac00000, 0x000000008ad00000, 0x000000008ad00000|100%| O|  |TAMS 0x000000008ac00000, 0x000000008ac00000| Untracked 
|  17|0x000000008ad00000, 0x000000008ae00000, 0x000000008ae00000|100%| O|  |TAMS 0x000000008ad00000, 0x000000008ad00000| Untracked 
|  18|0x000000008ae00000, 0x000000008af00000, 0x000000008af00000|100%| O|  |TAMS 0x000000008ae00000, 0x000000008ae00000| Untracked 
|  19|0x000000008af00000, 0x000000008b000000, 0x000000008b000000|100%| O|  |TAMS 0x000000008af00000, 0x000000008af00000| Untracked 
|  20|0x000000008b000000, 0x000000008b100000, 0x000000008b100000|100%| O|  |TAMS 0x000000008b100000, 0x000000008b000000| Untracked 
|  21|0x000000008b100000, 0x000000008b100000, 0x000000008b200000|  0%| F|  |TAMS 0x000000008b100000, 0x000000008b100000| Untracked 
|  22|0x000000008b200000, 0x000000008b300000, 0x000000008b300000|100%| O|  |TAMS 0x000000008b300000, 0x000000008b200000| Untracked 
|  23|0x000000008b300000, 0x000000008b400000, 0x000000008b400000|100%| O|  |TAMS 0x000000008b300000, 0x000000008b300000| Untracked 
|  24|0x000000008b400000, 0x000000008b500000, 0x000000008b500000|100%| O|  |TAMS 0x000000008b400000, 0x000000008b400000| Untracked 
|  25|0x000000008b500000, 0x000000008b600000, 0x000000008b600000|100%| O|  |TAMS 0x000000008b500000, 0x000000008b500000| Untracked 
|  26|0x000000008b600000, 0x000000008b700000, 0x000000008b700000|100%|HS|  |TAMS 0x000000008b700000, 0x000000008b600000| Complete 
|  27|0x000000008b700000, 0x000000008b800000, 0x000000008b800000|100%| O|  |TAMS 0x000000008b700000, 0x000000008b700000| Untracked 
|  28|0x000000008b800000, 0x000000008b900000, 0x000000008b900000|100%| O|  |TAMS 0x000000008b800000, 0x000000008b800000| Untracked 
|  29|0x000000008b900000, 0x000000008ba00000, 0x000000008ba00000|100%| O|  |TAMS 0x000000008b900000, 0x000000008b900000| Untracked 
|  30|0x000000008ba00000, 0x000000008bb00000, 0x000000008bb00000|100%| O|  |TAMS 0x000000008bb00000, 0x000000008ba00000| Untracked 
|  31|0x000000008bb00000, 0x000000008bc00000, 0x000000008bc00000|100%| O|  |TAMS 0x000000008bc00000, 0x000000008bb00000| Untracked 
|  32|0x000000008bc00000, 0x000000008bd00000, 0x000000008bd00000|100%| O|  |TAMS 0x000000008bd00000, 0x000000008bc00000| Untracked 
|  33|0x000000008bd00000, 0x000000008be00000, 0x000000008be00000|100%| O|  |TAMS 0x000000008be00000, 0x000000008bd00000| Untracked 
|  34|0x000000008be00000, 0x000000008bf00000, 0x000000008bf00000|100%| O|  |TAMS 0x000000008bf00000, 0x000000008be00000| Untracked 
|  35|0x000000008bf00000, 0x000000008c000000, 0x000000008c000000|100%| O|  |TAMS 0x000000008bf90400, 0x000000008bf00000| Untracked 
|  36|0x000000008c000000, 0x000000008c100000, 0x000000008c100000|100%| O|  |TAMS 0x000000008c000000, 0x000000008c000000| Untracked 
|  37|0x000000008c100000, 0x000000008c200000, 0x000000008c200000|100%| O|  |TAMS 0x000000008c100000, 0x000000008c100000| Untracked 
|  38|0x000000008c200000, 0x000000008c300000, 0x000000008c300000|100%| O|  |TAMS 0x000000008c200000, 0x000000008c200000| Untracked 
|  39|0x000000008c300000, 0x000000008c400000, 0x000000008c400000|100%| O|  |TAMS 0x000000008c300000, 0x000000008c300000| Untracked 
|  40|0x000000008c400000, 0x000000008c500000, 0x000000008c500000|100%| O|  |TAMS 0x000000008c400000, 0x000000008c400000| Untracked 
|  41|0x000000008c500000, 0x000000008c600000, 0x000000008c600000|100%| O|  |TAMS 0x000000008c500000, 0x000000008c500000| Untracked 
|  42|0x000000008c600000, 0x000000008c700000, 0x000000008c700000|100%| O|  |TAMS 0x000000008c600000, 0x000000008c600000| Untracked 
|  43|0x000000008c700000, 0x000000008c800000, 0x000000008c800000|100%| O|  |TAMS 0x000000008c700000, 0x000000008c700000| Untracked 
|  44|0x000000008c800000, 0x000000008c900000, 0x000000008c900000|100%| O|  |TAMS 0x000000008c800000, 0x000000008c800000| Untracked 
|  45|0x000000008c900000, 0x000000008ca00000, 0x000000008ca00000|100%| O|  |TAMS 0x000000008c900000, 0x000000008c900000| Untracked 
|  46|0x000000008ca00000, 0x000000008cb00000, 0x000000008cb00000|100%| O|  |TAMS 0x000000008ca00000, 0x000000008ca00000| Untracked 
|  47|0x000000008cb00000, 0x000000008cc00000, 0x000000008cc00000|100%| O|  |TAMS 0x000000008cb00000, 0x000000008cb00000| Untracked 
|  48|0x000000008cc00000, 0x000000008cd00000, 0x000000008cd00000|100%| O|  |TAMS 0x000000008cc00000, 0x000000008cc00000| Untracked 
|  49|0x000000008cd00000, 0x000000008ce00000, 0x000000008ce00000|100%| O|  |TAMS 0x000000008cd00000, 0x000000008cd00000| Untracked 
|  50|0x000000008ce00000, 0x000000008cf00000, 0x000000008cf00000|100%| O|  |TAMS 0x000000008ce00000, 0x000000008ce00000| Untracked 
|  51|0x000000008cf00000, 0x000000008d000000, 0x000000008d000000|100%| O|  |TAMS 0x000000008cf00000, 0x000000008cf00000| Untracked 
|  52|0x000000008d000000, 0x000000008d100000, 0x000000008d100000|100%| O|  |TAMS 0x000000008d000000, 0x000000008d000000| Untracked 
|  53|0x000000008d100000, 0x000000008d200000, 0x000000008d200000|100%| O|  |TAMS 0x000000008d100000, 0x000000008d100000| Untracked 
|  54|0x000000008d200000, 0x000000008d300000, 0x000000008d300000|100%| O|  |TAMS 0x000000008d200000, 0x000000008d200000| Untracked 
|  55|0x000000008d300000, 0x000000008d400000, 0x000000008d400000|100%| O|  |TAMS 0x000000008d300000, 0x000000008d300000| Untracked 
|  56|0x000000008d400000, 0x000000008d500000, 0x000000008d500000|100%| O|  |TAMS 0x000000008d400000, 0x000000008d400000| Untracked 
|  57|0x000000008d500000, 0x000000008d600000, 0x000000008d600000|100%| O|  |TAMS 0x000000008d500000, 0x000000008d500000| Untracked 
|  58|0x000000008d600000, 0x000000008d700000, 0x000000008d700000|100%| O|  |TAMS 0x000000008d600000, 0x000000008d600000| Untracked 
|  59|0x000000008d700000, 0x000000008d800000, 0x000000008d800000|100%| O|  |TAMS 0x000000008d700000, 0x000000008d700000| Untracked 
|  60|0x000000008d800000, 0x000000008d900000, 0x000000008d900000|100%| O|  |TAMS 0x000000008d800000, 0x000000008d800000| Untracked 
|  61|0x000000008d900000, 0x000000008da00000, 0x000000008da00000|100%| O|  |TAMS 0x000000008d900000, 0x000000008d900000| Untracked 
|  62|0x000000008da00000, 0x000000008db00000, 0x000000008db00000|100%| O|  |TAMS 0x000000008da00000, 0x000000008da00000| Untracked 
|  63|0x000000008db00000, 0x000000008dc00000, 0x000000008dc00000|100%| O|  |TAMS 0x000000008db00000, 0x000000008db00000| Untracked 
|  64|0x000000008dc00000, 0x000000008dd00000, 0x000000008dd00000|100%| O|  |TAMS 0x000000008dc00000, 0x000000008dc00000| Untracked 
|  65|0x000000008dd00000, 0x000000008de00000, 0x000000008de00000|100%| O|  |TAMS 0x000000008dd00000, 0x000000008dd00000| Untracked 
|  66|0x000000008de00000, 0x000000008df00000, 0x000000008df00000|100%| O|  |TAMS 0x000000008de00000, 0x000000008de00000| Untracked 
|  67|0x000000008df00000, 0x000000008e000000, 0x000000008e000000|100%| O|  |TAMS 0x000000008df00000, 0x000000008df00000| Untracked 
|  68|0x000000008e000000, 0x000000008e100000, 0x000000008e100000|100%| O|  |TAMS 0x000000008e000000, 0x000000008e000000| Untracked 
|  69|0x000000008e100000, 0x000000008e200000, 0x000000008e200000|100%| O|  |TAMS 0x000000008e100000, 0x000000008e100000| Untracked 
|  70|0x000000008e200000, 0x000000008e300000, 0x000000008e300000|100%| O|  |TAMS 0x000000008e200000, 0x000000008e200000| Untracked 
|  71|0x000000008e300000, 0x000000008e400000, 0x000000008e400000|100%| O|  |TAMS 0x000000008e300000, 0x000000008e300000| Untracked 
|  72|0x000000008e400000, 0x000000008e500000, 0x000000008e500000|100%| O|  |TAMS 0x000000008e400000, 0x000000008e400000| Untracked 
|  73|0x000000008e500000, 0x000000008e600000, 0x000000008e600000|100%| O|  |TAMS 0x000000008e500000, 0x000000008e500000| Untracked 
|  74|0x000000008e600000, 0x000000008e700000, 0x000000008e700000|100%| O|  |TAMS 0x000000008e600000, 0x000000008e600000| Untracked 
|  75|0x000000008e700000, 0x000000008e800000, 0x000000008e800000|100%|HS|  |TAMS 0x000000008e700000, 0x000000008e700000| Complete 
|  76|0x000000008e800000, 0x000000008e900000, 0x000000008e900000|100%| O|  |TAMS 0x000000008e800000, 0x000000008e800000| Untracked 
|  77|0x000000008e900000, 0x000000008ea00000, 0x000000008ea00000|100%| O|  |TAMS 0x000000008e900000, 0x000000008e900000| Untracked 
|  78|0x000000008ea00000, 0x000000008eb00000, 0x000000008eb00000|100%| O|  |TAMS 0x000000008ea00000, 0x000000008ea00000| Untracked 
|  79|0x000000008eb00000, 0x000000008ec00000, 0x000000008ec00000|100%| O|  |TAMS 0x000000008eb00000, 0x000000008eb00000| Untracked 
|  80|0x000000008ec00000, 0x000000008ed00000, 0x000000008ed00000|100%| O|  |TAMS 0x000000008ec00000, 0x000000008ec00000| Untracked 
|  81|0x000000008ed00000, 0x000000008ee00000, 0x000000008ee00000|100%| O|  |TAMS 0x000000008ed00000, 0x000000008ed00000| Untracked 
|  82|0x000000008ee00000, 0x000000008ef00000, 0x000000008ef00000|100%| O|  |TAMS 0x000000008ee00000, 0x000000008ee00000| Untracked 
|  83|0x000000008ef00000, 0x000000008f000000, 0x000000008f000000|100%| O|  |TAMS 0x000000008ef00000, 0x000000008ef00000| Untracked 
|  84|0x000000008f000000, 0x000000008f080000, 0x000000008f100000| 50%| O|  |TAMS 0x000000008f000000, 0x000000008f000000| Untracked 
|  85|0x000000008f100000, 0x000000008f100000, 0x000000008f200000|  0%| F|  |TAMS 0x000000008f100000, 0x000000008f100000| Untracked 
|  86|0x000000008f200000, 0x000000008f200000, 0x000000008f300000|  0%| F|  |TAMS 0x000000008f200000, 0x000000008f200000| Untracked 
|  87|0x000000008f300000, 0x000000008f300000, 0x000000008f400000|  0%| F|  |TAMS 0x000000008f300000, 0x000000008f300000| Untracked 
|  88|0x000000008f400000, 0x000000008f400000, 0x000000008f500000|  0%| F|  |TAMS 0x000000008f400000, 0x000000008f400000| Untracked 
|  89|0x000000008f500000, 0x000000008f500000, 0x000000008f600000|  0%| F|  |TAMS 0x000000008f500000, 0x000000008f500000| Untracked 
|  90|0x000000008f600000, 0x000000008f600000, 0x000000008f700000|  0%| F|  |TAMS 0x000000008f600000, 0x000000008f600000| Untracked 
|  91|0x000000008f700000, 0x000000008f700000, 0x000000008f800000|  0%| F|  |TAMS 0x000000008f700000, 0x000000008f700000| Untracked 
|  92|0x000000008f800000, 0x000000008f800000, 0x000000008f900000|  0%| F|  |TAMS 0x000000008f800000, 0x000000008f800000| Untracked 
|  93|0x000000008f900000, 0x000000008f900000, 0x000000008fa00000|  0%| F|  |TAMS 0x000000008f900000, 0x000000008f900000| Untracked 
|  94|0x000000008fa00000, 0x000000008fa00000, 0x000000008fb00000|  0%| F|  |TAMS 0x000000008fa00000, 0x000000008fa00000| Untracked 
|  95|0x000000008fb00000, 0x000000008fb00000, 0x000000008fc00000|  0%| F|  |TAMS 0x000000008fb00000, 0x000000008fb00000| Untracked 
|  96|0x000000008fc00000, 0x000000008fc00000, 0x000000008fd00000|  0%| F|  |TAMS 0x000000008fc00000, 0x000000008fc00000| Untracked 
|  97|0x000000008fd00000, 0x000000008fd00000, 0x000000008fe00000|  0%| F|  |TAMS 0x000000008fd00000, 0x000000008fd00000| Untracked 
|  98|0x000000008fe00000, 0x000000008fe00000, 0x000000008ff00000|  0%| F|  |TAMS 0x000000008fe00000, 0x000000008fe00000| Untracked 
|  99|0x000000008ff00000, 0x000000008ff00000, 0x0000000090000000|  0%| F|  |TAMS 0x000000008ff00000, 0x000000008ff00000| Untracked 
| 100|0x0000000090000000, 0x0000000090000000, 0x0000000090100000|  0%| F|  |TAMS 0x0000000090000000, 0x0000000090000000| Untracked 
| 101|0x0000000090100000, 0x0000000090100000, 0x0000000090200000|  0%| F|  |TAMS 0x0000000090100000, 0x0000000090100000| Untracked 
| 102|0x0000000090200000, 0x0000000090200000, 0x0000000090300000|  0%| F|  |TAMS 0x0000000090200000, 0x0000000090200000| Untracked 
| 103|0x0000000090300000, 0x0000000090300000, 0x0000000090400000|  0%| F|  |TAMS 0x0000000090300000, 0x0000000090300000| Untracked 
| 104|0x0000000090400000, 0x0000000090400000, 0x0000000090500000|  0%| F|  |TAMS 0x0000000090400000, 0x0000000090400000| Untracked 
| 105|0x0000000090500000, 0x0000000090500000, 0x0000000090600000|  0%| F|  |TAMS 0x0000000090500000, 0x0000000090500000| Untracked 
| 106|0x0000000090600000, 0x0000000090600000, 0x0000000090700000|  0%| F|  |TAMS 0x0000000090600000, 0x0000000090600000| Untracked 
| 107|0x0000000090700000, 0x0000000090700000, 0x0000000090800000|  0%| F|  |TAMS 0x0000000090700000, 0x0000000090700000| Untracked 
| 108|0x0000000090800000, 0x0000000090800000, 0x0000000090900000|  0%| F|  |TAMS 0x0000000090800000, 0x0000000090800000| Untracked 
| 109|0x0000000090900000, 0x0000000090900000, 0x0000000090a00000|  0%| F|  |TAMS 0x0000000090900000, 0x0000000090900000| Untracked 
| 110|0x0000000090a00000, 0x0000000090a00000, 0x0000000090b00000|  0%| F|  |TAMS 0x0000000090a00000, 0x0000000090a00000| Untracked 
| 111|0x0000000090b00000, 0x0000000090b00000, 0x0000000090c00000|  0%| F|  |TAMS 0x0000000090b00000, 0x0000000090b00000| Untracked 
| 112|0x0000000090c00000, 0x0000000090c00000, 0x0000000090d00000|  0%| F|  |TAMS 0x0000000090c00000, 0x0000000090c00000| Untracked 
| 113|0x0000000090d00000, 0x0000000090d00000, 0x0000000090e00000|  0%| F|  |TAMS 0x0000000090d00000, 0x0000000090d00000| Untracked 
| 114|0x0000000090e00000, 0x0000000090e00000, 0x0000000090f00000|  0%| F|  |TAMS 0x0000000090e00000, 0x0000000090e00000| Untracked 
| 115|0x0000000090f00000, 0x0000000090f00000, 0x0000000091000000|  0%| F|  |TAMS 0x0000000090f00000, 0x0000000090f00000| Untracked 
| 116|0x0000000091000000, 0x0000000091000000, 0x0000000091100000|  0%| F|  |TAMS 0x0000000091000000, 0x0000000091000000| Untracked 
| 117|0x0000000091100000, 0x0000000091100000, 0x0000000091200000|  0%| F|  |TAMS 0x0000000091100000, 0x0000000091100000| Untracked 
| 118|0x0000000091200000, 0x0000000091200000, 0x0000000091300000|  0%| F|  |TAMS 0x0000000091200000, 0x0000000091200000| Untracked 
| 119|0x0000000091300000, 0x0000000091300000, 0x0000000091400000|  0%| F|  |TAMS 0x0000000091300000, 0x0000000091300000| Untracked 
| 120|0x0000000091400000, 0x0000000091400000, 0x0000000091500000|  0%| F|  |TAMS 0x0000000091400000, 0x0000000091400000| Untracked 
| 121|0x0000000091500000, 0x0000000091500000, 0x0000000091600000|  0%| F|  |TAMS 0x0000000091500000, 0x0000000091500000| Untracked 
| 122|0x0000000091600000, 0x0000000091600000, 0x0000000091700000|  0%| F|  |TAMS 0x0000000091600000, 0x0000000091600000| Untracked 
| 123|0x0000000091700000, 0x0000000091700000, 0x0000000091800000|  0%| F|  |TAMS 0x0000000091700000, 0x0000000091700000| Untracked 
| 124|0x0000000091800000, 0x0000000091800000, 0x0000000091900000|  0%| F|  |TAMS 0x0000000091800000, 0x0000000091800000| Untracked 
| 125|0x0000000091900000, 0x0000000091900000, 0x0000000091a00000|  0%| F|  |TAMS 0x0000000091900000, 0x0000000091900000| Untracked 
| 126|0x0000000091a00000, 0x0000000091a00000, 0x0000000091b00000|  0%| F|  |TAMS 0x0000000091a00000, 0x0000000091a00000| Untracked 
| 127|0x0000000091b00000, 0x0000000091b00000, 0x0000000091c00000|  0%| F|  |TAMS 0x0000000091b00000, 0x0000000091b00000| Untracked 
| 128|0x0000000091c00000, 0x0000000091c00000, 0x0000000091d00000|  0%| F|  |TAMS 0x0000000091c00000, 0x0000000091c00000| Untracked 
| 129|0x0000000091d00000, 0x0000000091d00000, 0x0000000091e00000|  0%| F|  |TAMS 0x0000000091d00000, 0x0000000091d00000| Untracked 
| 130|0x0000000091e00000, 0x0000000091e00000, 0x0000000091f00000|  0%| F|  |TAMS 0x0000000091e00000, 0x0000000091e00000| Untracked 
| 131|0x0000000091f00000, 0x0000000091f00000, 0x0000000092000000|  0%| F|  |TAMS 0x0000000091f00000, 0x0000000091f00000| Untracked 
| 132|0x0000000092000000, 0x0000000092000000, 0x0000000092100000|  0%| F|  |TAMS 0x0000000092000000, 0x0000000092000000| Untracked 
| 133|0x0000000092100000, 0x0000000092100000, 0x0000000092200000|  0%| F|  |TAMS 0x0000000092100000, 0x0000000092100000| Untracked 
| 134|0x0000000092200000, 0x0000000092200000, 0x0000000092300000|  0%| F|  |TAMS 0x0000000092200000, 0x0000000092200000| Untracked 
| 135|0x0000000092300000, 0x0000000092400000, 0x0000000092400000|100%| S|CS|TAMS 0x0000000092300000, 0x0000000092300000| Complete 
| 136|0x0000000092400000, 0x0000000092500000, 0x0000000092500000|100%| S|CS|TAMS 0x0000000092400000, 0x0000000092400000| Complete 
| 137|0x0000000092500000, 0x0000000092600000, 0x0000000092600000|100%| S|CS|TAMS 0x0000000092500000, 0x0000000092500000| Complete 
| 138|0x0000000092600000, 0x0000000092700000, 0x0000000092700000|100%| S|CS|TAMS 0x0000000092600000, 0x0000000092600000| Complete 
| 139|0x0000000092700000, 0x0000000092800000, 0x0000000092800000|100%| S|CS|TAMS 0x0000000092700000, 0x0000000092700000| Complete 
| 140|0x0000000092800000, 0x0000000092800000, 0x0000000092900000|  0%| F|  |TAMS 0x0000000092800000, 0x0000000092800000| Untracked 
| 141|0x0000000092900000, 0x0000000092900000, 0x0000000092a00000|  0%| F|  |TAMS 0x0000000092900000, 0x0000000092900000| Untracked 
| 142|0x0000000092a00000, 0x0000000092a00000, 0x0000000092b00000|  0%| F|  |TAMS 0x0000000092a00000, 0x0000000092a00000| Untracked 
| 143|0x0000000092b00000, 0x0000000092b00000, 0x0000000092c00000|  0%| F|  |TAMS 0x0000000092b00000, 0x0000000092b00000| Untracked 
| 144|0x0000000092c00000, 0x0000000092c00000, 0x0000000092d00000|  0%| F|  |TAMS 0x0000000092c00000, 0x0000000092c00000| Untracked 
| 145|0x0000000092d00000, 0x0000000092d00000, 0x0000000092e00000|  0%| F|  |TAMS 0x0000000092d00000, 0x0000000092d00000| Untracked 
| 146|0x0000000092e00000, 0x0000000092e00000, 0x0000000092f00000|  0%| F|  |TAMS 0x0000000092e00000, 0x0000000092e00000| Untracked 
| 147|0x0000000092f00000, 0x0000000092f00000, 0x0000000093000000|  0%| F|  |TAMS 0x0000000092f00000, 0x0000000092f00000| Untracked 
| 148|0x0000000093000000, 0x0000000093000000, 0x0000000093100000|  0%| F|  |TAMS 0x0000000093000000, 0x0000000093000000| Untracked 
| 149|0x0000000093100000, 0x0000000093100000, 0x0000000093200000|  0%| F|  |TAMS 0x0000000093100000, 0x0000000093100000| Untracked 
| 150|0x0000000093200000, 0x0000000093200000, 0x0000000093300000|  0%| F|  |TAMS 0x0000000093200000, 0x0000000093200000| Untracked 
| 151|0x0000000093300000, 0x0000000093300000, 0x0000000093400000|  0%| F|  |TAMS 0x0000000093300000, 0x0000000093300000| Untracked 
| 152|0x0000000093400000, 0x0000000093400000, 0x0000000093500000|  0%| F|  |TAMS 0x0000000093400000, 0x0000000093400000| Untracked 
| 153|0x0000000093500000, 0x0000000093500000, 0x0000000093600000|  0%| F|  |TAMS 0x0000000093500000, 0x0000000093500000| Untracked 
| 154|0x0000000093600000, 0x0000000093600000, 0x0000000093700000|  0%| F|  |TAMS 0x0000000093600000, 0x0000000093600000| Untracked 
| 155|0x0000000093700000, 0x0000000093700000, 0x0000000093800000|  0%| F|  |TAMS 0x0000000093700000, 0x0000000093700000| Untracked 
| 156|0x0000000093800000, 0x0000000093800000, 0x0000000093900000|  0%| F|  |TAMS 0x0000000093800000, 0x0000000093800000| Untracked 
| 157|0x0000000093900000, 0x0000000093900000, 0x0000000093a00000|  0%| F|  |TAMS 0x0000000093900000, 0x0000000093900000| Untracked 
| 158|0x0000000093a00000, 0x0000000093a00000, 0x0000000093b00000|  0%| F|  |TAMS 0x0000000093a00000, 0x0000000093a00000| Untracked 
| 159|0x0000000093b00000, 0x0000000093b00000, 0x0000000093c00000|  0%| F|  |TAMS 0x0000000093b00000, 0x0000000093b00000| Untracked 
| 160|0x0000000093c00000, 0x0000000093c00000, 0x0000000093d00000|  0%| F|  |TAMS 0x0000000093c00000, 0x0000000093c00000| Untracked 
|1879|0x00000000ff300000, 0x00000000ff400000, 0x00000000ff400000|100%| O|  |TAMS 0x00000000ff400000, 0x00000000ff300000| Untracked 
|1880|0x00000000ff400000, 0x00000000ff400000, 0x00000000ff500000|  0%| F|  |TAMS 0x00000000ff400000, 0x00000000ff400000| Untracked 
|1881|0x00000000ff500000, 0x00000000ff500000, 0x00000000ff600000|  0%| F|  |TAMS 0x00000000ff500000, 0x00000000ff500000| Untracked 
|1882|0x00000000ff600000, 0x00000000ff600000, 0x00000000ff700000|  0%| F|  |TAMS 0x00000000ff600000, 0x00000000ff600000| Untracked 
|1883|0x00000000ff700000, 0x00000000ff700000, 0x00000000ff800000|  0%| F|  |TAMS 0x00000000ff700000, 0x00000000ff700000| Untracked 
|1884|0x00000000ff800000, 0x00000000ff800000, 0x00000000ff900000|  0%| F|  |TAMS 0x00000000ff800000, 0x00000000ff800000| Untracked 
|1885|0x00000000ff900000, 0x00000000ff900000, 0x00000000ffa00000|  0%| F|  |TAMS 0x00000000ff900000, 0x00000000ff900000| Untracked 
|1886|0x00000000ffa00000, 0x00000000ffa00000, 0x00000000ffb00000|  0%| F|  |TAMS 0x00000000ffa00000, 0x00000000ffa00000| Untracked 
|1887|0x00000000ffb00000, 0x00000000ffb00000, 0x00000000ffc00000|  0%| F|  |TAMS 0x00000000ffb00000, 0x00000000ffb00000| Untracked 
|1888|0x00000000ffc00000, 0x00000000ffc00000, 0x00000000ffd00000|  0%| F|  |TAMS 0x00000000ffc00000, 0x00000000ffc00000| Untracked 
|1889|0x00000000ffd00000, 0x00000000ffd00000, 0x00000000ffe00000|  0%| F|  |TAMS 0x00000000ffd00000, 0x00000000ffd00000| Untracked 
|1890|0x00000000ffe00000, 0x00000000ffe00000, 0x00000000fff00000|  0%| F|  |TAMS 0x00000000ffe00000, 0x00000000ffe00000| Untracked 
|1891|0x00000000fff00000, 0x00000000fff00000, 0x0000000100000000|  0%| F|  |TAMS 0x00000000fff00000, 0x00000000fff00000| Untracked 

Card table byte_map: [0x000001b73fb40000,0x000001b73ff00000] _byte_map_base: 0x000001b73f6f2000

Marking Bits (Prev, Next): (CMBitMap*) 0x000001b72ad3fa50, (CMBitMap*) 0x000001b72ad3fa90
 Prev Bits: [0x000001b7402c0000, 0x000001b742050000)
 Next Bits: [0x000001b742050000, 0x000001b743de0000)

Polling page: 0x000001b72ade0000

Metaspace:

Usage:
  Non-class:     20.30 MB capacity,    20.13 MB (>99%) used,   146.62 KB ( <1%) free+waste,    23.62 KB ( <1%) overhead. 
      Class:      2.23 MB capacity,     2.14 MB ( 96%) used,    81.77 KB (  4%) free+waste,     7.56 KB ( <1%) overhead. 
       Both:     22.53 MB capacity,    22.28 MB ( 99%) used,   228.38 KB ( <1%) free+waste,    31.19 KB ( <1%) overhead. 

Virtual space:
  Non-class space:       22.00 MB reserved,      20.42 MB ( 93%) committed 
      Class space:        1.00 GB reserved,       2.25 MB ( <1%) committed 
             Both:        1.02 GB reserved,      22.67 MB (  2%) committed 

Chunk freelists:
   Non-Class:  61.00 KB
       Class:  21.00 KB
        Both:  82.00 KB

MaxMetaspaceSize: 17179869184.00 GB
CompressedClassSpaceSize: 1.00 GB

CodeHeap 'non-profiled nmethods': size=120000Kb used=1535Kb max_used=1535Kb free=118465Kb
 bounds [0x000001b737a10000, 0x000001b737c80000, 0x000001b73ef40000]
CodeHeap 'profiled nmethods': size=120000Kb used=5090Kb max_used=5090Kb free=114909Kb
 bounds [0x000001b7304e0000, 0x000001b7309e0000, 0x000001b737a10000]
CodeHeap 'non-nmethods': size=5760Kb used=1238Kb max_used=1293Kb free=4522Kb
 bounds [0x000001b72ff40000, 0x000001b7301b0000, 0x000001b7304e0000]
 total_blobs=3242 nmethods=2736 adapters=418
 compilation: enabled
              stopped_count=0, restarted_count=0
 full_count=0

Compilation events (20 events):
Event: 14.553 Thread 0x000001b746eeacc0 2766       1       com.sun.org.apache.xerces.internal.parsers.AbstractXMLDocumentParser::setDocumentSource (6 bytes)
Event: 14.553 Thread 0x000001b746eeacc0 nmethod 2766 0x000001b737b8ea10 code [0x000001b737b8eba0, 0x000001b737b8ec98]
Event: 14.553 Thread 0x000001b746eeacc0 2767       1       com.sun.org.apache.xerces.internal.impl.dtd.XMLDTDValidator::setDocumentSource (6 bytes)
Event: 14.553 Thread 0x000001b746eeacc0 nmethod 2767 0x000001b737b8ed10 code [0x000001b737b8eea0, 0x000001b737b8ef98]
Event: 14.553 Thread 0x000001b746eeacc0 2768       1       com.sun.org.apache.xerces.internal.impl.dtd.XMLDTDValidator::setDocumentHandler (6 bytes)
Event: 14.553 Thread 0x000001b746eeacc0 nmethod 2768 0x000001b737b8f010 code [0x000001b737b8f1a0, 0x000001b737b8f298]
Event: 14.553 Thread 0x000001b746eeacc0 2773       2       java.lang.StringBuffer::<init> (7 bytes)
Event: 14.553 Thread 0x000001b746eeacc0 nmethod 2773 0x000001b7309d7290 code [0x000001b7309d7420, 0x000001b7309d7528]
Event: 14.553 Thread 0x000001b746eeacc0 2772       2       org.apache.poi.openxml4j.opc.PackagePartName::hashCode (17 bytes)
Event: 14.553 Thread 0x000001b746eeacc0 nmethod 2772 0x000001b7309d7610 code [0x000001b7309d77e0, 0x000001b7309d79c8]
Event: 14.553 Thread 0x000001b746eeacc0 2770       1       org.apache.poi.openxml4j.opc.internal.ContentType::getType (5 bytes)
Event: 14.553 Thread 0x000001b746eeacc0 nmethod 2770 0x000001b737b8f310 code [0x000001b737b8f4a0, 0x000001b737b8f558]
Event: 14.553 Thread 0x000001b746eeacc0 2771       1       org.apache.poi.openxml4j.opc.internal.ContentType::getSubType (5 bytes)
Event: 14.553 Thread 0x000001b746eeacc0 nmethod 2771 0x000001b737b8f610 code [0x000001b737b8f7a0, 0x000001b737b8f858]
Event: 14.553 Thread 0x000001b746eeacc0 2769       1       com.sun.org.apache.xerces.internal.dom.CoreDocumentImpl::changes (5 bytes)
Event: 14.553 Thread 0x000001b746eeacc0 nmethod 2769 0x000001b737b8f910 code [0x000001b737b8faa0, 0x000001b737b8fb58]
Event: 14.554 Thread 0x000001b746eeacc0 2774   !   2       jdk.internal.reflect.GeneratedConstructorAccessor3::newInstance (53 bytes)
Event: 14.555 Thread 0x000001b746eeacc0 nmethod 2774 0x000001b7309d7b90 code [0x000001b7309d7d80, 0x000001b7309d8288]
Event: 14.555 Thread 0x000001b746eeacc0 2775       2       com.sun.org.apache.xerces.internal.impl.XMLDocumentFragmentScannerImpl::getFeatureDefault (36 bytes)
Event: 14.555 Thread 0x000001b746eeacc0 nmethod 2775 0x000001b7309d8610 code [0x000001b7309d87c0, 0x000001b7309d89e8]

GC Heap History (20 events):
Event: 13.945 GC heap after
{Heap after GC invocations=13 (full 0):
 garbage-first heap   total 70656K, used 32709K [0x0000000089c00000, 0x0000000100000000)
  region size 1024K, 1 young (1024K), 1 survivors (1024K)
 Metaspace       used 22638K, capacity 22866K, committed 22960K, reserved 1071104K
  class space    used 2191K, capacity 2281K, committed 2304K, reserved 1048576K
}
Event: 13.948 GC heap before
{Heap before GC invocations=13 (full 0):
 garbage-first heap   total 70656K, used 33733K [0x0000000089c00000, 0x0000000100000000)
  region size 1024K, 3 young (3072K), 1 survivors (1024K)
 Metaspace       used 22638K, capacity 22866K, committed 22960K, reserved 1071104K
  class space    used 2191K, capacity 2281K, committed 2304K, reserved 1048576K
}
Event: 13.951 GC heap after
{Heap after GC invocations=14 (full 0):
 garbage-first heap   total 70656K, used 29667K [0x0000000089c00000, 0x0000000100000000)
  region size 1024K, 1 young (1024K), 1 survivors (1024K)
 Metaspace       used 22638K, capacity 22866K, committed 22960K, reserved 1071104K
  class space    used 2191K, capacity 2281K, committed 2304K, reserved 1048576K
}
Event: 13.995 GC heap before
{Heap before GC invocations=14 (full 0):
 garbage-first heap   total 70656K, used 47075K [0x0000000089c00000, 0x0000000100000000)
  region size 1024K, 18 young (18432K), 1 survivors (1024K)
 Metaspace       used 22643K, capacity 22930K, committed 23216K, reserved 1071104K
  class space    used 2191K, capacity 2281K, committed 2304K, reserved 1048576K
}
Event: 14.001 GC heap after
{Heap after GC invocations=15 (full 0):
 garbage-first heap   total 70656K, used 42561K [0x0000000089c00000, 0x0000000100000000)
  region size 1024K, 3 young (3072K), 3 survivors (3072K)
 Metaspace       used 22643K, capacity 22930K, committed 23216K, reserved 1071104K
  class space    used 2191K, capacity 2281K, committed 2304K, reserved 1048576K
}
Event: 14.012 GC heap before
{Heap before GC invocations=15 (full 0):
 garbage-first heap   total 70656K, used 49729K [0x0000000089c00000, 0x0000000100000000)
  region size 1024K, 10 young (10240K), 3 survivors (3072K)
 Metaspace       used 22643K, capacity 22930K, committed 23216K, reserved 1071104K
  class space    used 2191K, capacity 2281K, committed 2304K, reserved 1048576K
}
Event: 14.017 GC heap after
{Heap after GC invocations=16 (full 0):
 garbage-first heap   total 70656K, used 50176K [0x0000000089c00000, 0x0000000100000000)
  region size 1024K, 2 young (2048K), 2 survivors (2048K)
 Metaspace       used 22643K, capacity 22930K, committed 23216K, reserved 1071104K
  class space    used 2191K, capacity 2281K, committed 2304K, reserved 1048576K
}
Event: 14.027 GC heap before
{Heap before GC invocations=16 (full 0):
 garbage-first heap   total 70656K, used 54272K [0x0000000089c00000, 0x0000000100000000)
  region size 1024K, 6 young (6144K), 2 survivors (2048K)
 Metaspace       used 22643K, capacity 22930K, committed 23216K, reserved 1071104K
  class space    used 2191K, capacity 2281K, committed 2304K, reserved 1048576K
}
Event: 14.030 GC heap after
{Heap after GC invocations=17 (full 0):
 garbage-first heap   total 70656K, used 54015K [0x0000000089c00000, 0x0000000100000000)
  region size 1024K, 1 young (1024K), 1 survivors (1024K)
 Metaspace       used 22643K, capacity 22930K, committed 23216K, reserved 1071104K
  class space    used 2191K, capacity 2281K, committed 2304K, reserved 1048576K
}
Event: 14.039 GC heap before
{Heap before GC invocations=17 (full 0):
 garbage-first heap   total 89088K, used 54015K [0x0000000089c00000, 0x0000000100000000)
  region size 1024K, 3 young (3072K), 1 survivors (1024K)
 Metaspace       used 22643K, capacity 22930K, committed 23216K, reserved 1071104K
  class space    used 2191K, capacity 2281K, committed 2304K, reserved 1048576K
}
Event: 14.040 GC heap after
{Heap after GC invocations=18 (full 0):
 garbage-first heap   total 89088K, used 53207K [0x0000000089c00000, 0x0000000100000000)
  region size 1024K, 1 young (1024K), 1 survivors (1024K)
 Metaspace       used 22643K, capacity 22930K, committed 23216K, reserved 1071104K
  class space    used 2191K, capacity 2281K, committed 2304K, reserved 1048576K
}
Event: 14.069 GC heap before
{Heap before GC invocations=19 (full 0):
 garbage-first heap   total 89088K, used 61399K [0x0000000089c00000, 0x0000000100000000)
  region size 1024K, 9 young (9216K), 1 survivors (1024K)
 Metaspace       used 22644K, capacity 22930K, committed 23216K, reserved 1071104K
  class space    used 2191K, capacity 2281K, committed 2304K, reserved 1048576K
}
Event: 14.074 GC heap after
{Heap after GC invocations=20 (full 0):
 garbage-first heap   total 178176K, used 55429K [0x0000000089c00000, 0x0000000100000000)
  region size 1024K, 2 young (2048K), 2 survivors (2048K)
 Metaspace       used 22644K, capacity 22930K, committed 23216K, reserved 1071104K
  class space    used 2191K, capacity 2281K, committed 2304K, reserved 1048576K
}
Event: 14.093 GC heap before
{Heap before GC invocations=20 (full 0):
 garbage-first heap   total 178176K, used 61573K [0x0000000089c00000, 0x0000000100000000)
  region size 1024K, 8 young (8192K), 2 survivors (2048K)
 Metaspace       used 22670K, capacity 22930K, committed 23216K, reserved 1071104K
  class space    used 2191K, capacity 2281K, committed 2304K, reserved 1048576K
}
Event: 14.100 GC heap after
{Heap after GC invocations=21 (full 0):
 garbage-first heap   total 178176K, used 43381K [0x0000000089c00000, 0x0000000100000000)
  region size 1024K, 1 young (1024K), 1 survivors (1024K)
 Metaspace       used 22670K, capacity 22930K, committed 23216K, reserved 1071104K
  class space    used 2191K, capacity 2281K, committed 2304K, reserved 1048576K
}
Event: 14.263 GC heap before
{Heap before GC invocations=21 (full 0):
 garbage-first heap   total 178176K, used 94581K [0x0000000089c00000, 0x0000000100000000)
  region size 1024K, 50 young (51200K), 1 survivors (1024K)
 Metaspace       used 22734K, capacity 22936K, committed 23216K, reserved 1071104K
  class space    used 2192K, capacity 2282K, committed 2304K, reserved 1048576K
}
Event: 14.271 GC heap after
{Heap after GC invocations=22 (full 0):
 garbage-first heap   total 178176K, used 58732K [0x0000000089c00000, 0x0000000100000000)
  region size 1024K, 7 young (7168K), 7 survivors (7168K)
 Metaspace       used 22734K, capacity 22936K, committed 23216K, reserved 1071104K
  class space    used 2192K, capacity 2282K, committed 2304K, reserved 1048576K
}
Event: 14.411 GC heap before
{Heap before GC invocations=22 (full 0):
 garbage-first heap   total 178176K, used 109932K [0x0000000089c00000, 0x0000000100000000)
  region size 1024K, 56 young (57344K), 7 survivors (7168K)
 Metaspace       used 22775K, capacity 23000K, committed 23216K, reserved 1071104K
  class space    used 2192K, capacity 2282K, committed 2304K, reserved 1048576K
}
Event: 14.430 GC heap after
{Heap after GC invocations=23 (full 0):
 garbage-first heap   total 178176K, used 83651K [0x0000000089c00000, 0x0000000100000000)
  region size 1024K, 7 young (7168K), 7 survivors (7168K)
 Metaspace       used 22775K, capacity 23000K, committed 23216K, reserved 1071104K
  class space    used 2192K, capacity 2282K, committed 2304K, reserved 1048576K
}
Event: 14.559 GC heap before
{Heap before GC invocations=23 (full 0):
 garbage-first heap   total 178176K, used 118467K [0x0000000089c00000, 0x0000000100000000)
  region size 1024K, 40 young (40960K), 7 survivors (7168K)
 Metaspace       used 22810K, capacity 23070K, committed 23216K, reserved 1071104K
  class space    used 2193K, capacity 2283K, committed 2304K, reserved 1048576K
}

Deoptimization events (20 events):
Event: 14.375 Thread 0x000001b72ad02280 Uncommon trap: trap_request=0xffffffde fr.pc=0x000001b737b683a4 relative=0x0000000000002d24
Event: 14.375 Thread 0x000001b72ad02280 Uncommon trap: reason=class_check action=maybe_recompile pc=0x000001b737b683a4 method=org.apache.xmlbeans.impl.store.Xobj.compute_flags()I @ 29 c2
Event: 14.375 Thread 0x000001b72ad02280 DEOPT PACKING pc=0x000001b737b683a4 sp=0x0000004b7fffe4d0
Event: 14.375 Thread 0x000001b72ad02280 DEOPT UNPACKING pc=0x000001b72ff8e42f sp=0x0000004b7fffe3f0 mode 2
Event: 14.386 Thread 0x000001b72ad02280 Uncommon trap: trap_request=0xffffffde fr.pc=0x000001b737b683a4 relative=0x0000000000002d24
Event: 14.386 Thread 0x000001b72ad02280 Uncommon trap: reason=class_check action=maybe_recompile pc=0x000001b737b683a4 method=org.apache.xmlbeans.impl.store.Xobj.compute_flags()I @ 29 c2
Event: 14.386 Thread 0x000001b72ad02280 DEOPT PACKING pc=0x000001b737b683a4 sp=0x0000004b7ffff030
Event: 14.386 Thread 0x000001b72ad02280 DEOPT UNPACKING pc=0x000001b72ff8e42f sp=0x0000004b7fffef50 mode 2
Event: 14.442 Thread 0x000001b72ad02280 DEOPT PACKING pc=0x000001b730967e55 sp=0x0000004b7fffefc0
Event: 14.442 Thread 0x000001b72ad02280 DEOPT UNPACKING pc=0x000001b72ff8e23f sp=0x0000004b7fffe4a8 mode 0
Event: 14.452 Thread 0x000001b72ad02280 DEOPT PACKING pc=0x000001b730967e55 sp=0x0000004b7fffefc0
Event: 14.452 Thread 0x000001b72ad02280 DEOPT UNPACKING pc=0x000001b72ff8e23f sp=0x0000004b7fffe4a8 mode 0
Event: 14.456 Thread 0x000001b72ad02280 Uncommon trap: trap_request=0xffffffde fr.pc=0x000001b737b683a4 relative=0x0000000000002d24
Event: 14.456 Thread 0x000001b72ad02280 Uncommon trap: reason=class_check action=maybe_recompile pc=0x000001b737b683a4 method=org.apache.xmlbeans.impl.store.Xobj.compute_flags()I @ 29 c2
Event: 14.456 Thread 0x000001b72ad02280 DEOPT PACKING pc=0x000001b737b683a4 sp=0x0000004b7fffed20
Event: 14.456 Thread 0x000001b72ad02280 DEOPT UNPACKING pc=0x000001b72ff8e42f sp=0x0000004b7fffec40 mode 2
Event: 14.463 Thread 0x000001b72ad02280 DEOPT PACKING pc=0x000001b730967e55 sp=0x0000004b7fffefc0
Event: 14.463 Thread 0x000001b72ad02280 DEOPT UNPACKING pc=0x000001b72ff8e23f sp=0x0000004b7fffe4a8 mode 0
Event: 14.482 Thread 0x000001b747bfb3a0 DEOPT PACKING pc=0x000001b7305540a9 sp=0x0000004b015fec50
Event: 14.482 Thread 0x000001b747bfb3a0 DEOPT UNPACKING pc=0x000001b72ff8e23f sp=0x0000004b015fe0c8 mode 0

Classes unloaded (0 events):
No events

Classes redefined (0 events):
No events

Internal exceptions (15 events):
Event: 0.146 Thread 0x000001b72ad02280 Exception <a 'java/io/FileNotFoundException'{0x000000009118ae08}> (0x000000009118ae08) 
thrown [./open/src/hotspot/share/prims/jni.cpp, line 578]
Event: 0.167 Thread 0x000001b72ad02280 Exception <a 'java/lang/NoSuchMethodError'{0x0000000091011548}: 'void java.lang.invoke.DirectMethodHandle$Holder.invokeStatic(java.lang.Object, java.lang.Object)'> (0x0000000091011548) 
thrown [./open/src/hotspot/share/interpreter/linkResolver.cpp, line 782]
Event: 0.169 Thread 0x000001b72ad02280 Exception <a 'java/lang/NoSuchMethodError'{0x0000000091015a20}: 'void java.lang.invoke.DirectMethodHandle$Holder.invokeStaticInit(java.lang.Object, java.lang.Object)'> (0x0000000091015a20) 
thrown [./open/src/hotspot/share/interpreter/linkResolver.cpp, line 782]
Event: 0.177 Thread 0x000001b72ad02280 Exception <a 'java/lang/NoSuchMethodError'{0x0000000091044940}: 'java.lang.Object java.lang.invoke.DirectMethodHandle$Holder.invokeStatic(java.lang.Object)'> (0x0000000091044940) 
thrown [./open/src/hotspot/share/interpreter/linkResolver.cpp, line 782]
Event: 0.179 Thread 0x000001b72ad02280 Exception <a 'java/lang/NoSuchMethodError'{0x000000009104ec70}: 'java.lang.Object java.lang.invoke.DirectMethodHandle$Holder.invokeStaticInit(java.lang.Object, int, int, int, int)'> (0x000000009104ec70) 
thrown [./open/src/hotspot/share/interpreter/linkResolver.cpp, line 782]
Event: 0.193 Thread 0x000001b72ad02280 Exception <a 'java/lang/NoSuchMethodError'{0x00000000910674c8}: 'java.lang.Object java.lang.invoke.DirectMethodHandle$Holder.invokeStaticInit(java.lang.Object)'> (0x00000000910674c8) 
thrown [./open/src/hotspot/share/interpreter/linkResolver.cpp, line 782]
Event: 0.232 Thread 0x000001b72ad02280 Exception <a 'java/lang/NoSuchMethodError'{0x000000009108d248}: 'void java.lang.invoke.DirectMethodHandle$Holder.invokeSpecial(java.lang.Object, java.lang.Object, java.lang.Object)'> (0x000000009108d248) 
thrown [./open/src/hotspot/share/interpreter/linkResolver.cpp, line 782]
Event: 0.249 Thread 0x000001b72ad02280 Exception <a 'sun/nio/fs/WindowsException'{0x0000000090f4e6e8}> (0x0000000090f4e6e8) 
thrown [./open/src/hotspot/share/prims/jni.cpp, line 578]
Event: 0.311 Thread 0x000001b72ad02280 Exception <a 'java/lang/NoSuchMethodError'{0x0000000090e2b0f0}: 'java.lang.Object java.lang.invoke.DirectMethodHandle$Holder.invokeStaticInit(java.lang.Object, java.lang.Object, int, int, int, int)'> (0x0000000090e2b0f0) 
thrown [./open/src/hotspot/share/interpreter/linkResolver.cpp, line 782]
Event: 0.410 Thread 0x000001b72ad02280 Implicit null exception at 0x000001b737a34d4a to 0x000001b737a35527
Event: 0.515 Thread 0x000001b72ad02280 Exception <a 'java/lang/NoSuchMethodError'{0x0000000090a7ebb0}: 'java.lang.Object java.lang.invoke.DirectMethodHandle$Holder.invokeInterface(java.lang.Object, java.lang.Object)'> (0x0000000090a7ebb0) 
thrown [./open/src/hotspot/share/interpreter/linkResolver.cpp, line 782]
Event: 0.536 Thread 0x000001b72ad02280 Exception <a 'java/lang/NoSuchMethodError'{0x000000009090dba0}: 'void java.lang.invoke.DirectMethodHandle$Holder.invokeStatic(java.lang.Object, java.lang.Object, java.lang.Object)'> (0x000000009090dba0) 
thrown [./open/src/hotspot/share/interpreter/linkResolver.cpp, line 782]
Event: 0.537 Thread 0x000001b72ad02280 Exception <a 'java/lang/NoSuchMethodError'{0x00000000909187a8}: 'java.lang.Object java.lang.invoke.DirectMethodHandle$Holder.invokeVirtual(java.lang.Object, java.lang.Object, java.lang.Object)'> (0x00000000909187a8) 
thrown [./open/src/hotspot/share/interpreter/linkResolver.cpp, line 782]
Event: 13.229 Thread 0x000001b72ad02280 Implicit null exception at 0x000001b737a88ad8 to 0x000001b737a88b66
Event: 13.494 Thread 0x000001b72ad02280 Implicit null exception at 0x000001b737aba358 to 0x000001b737abaa75

Events (20 events):
Event: 14.001 Executing VM operation: G1CollectForAllocation done
Event: 14.012 Executing VM operation: G1CollectForAllocation
Event: 14.017 Executing VM operation: G1CollectForAllocation done
Event: 14.027 Executing VM operation: G1CollectForAllocation
Event: 14.030 Executing VM operation: G1CollectForAllocation done
Event: 14.033 Executing VM operation: G1Concurrent
Event: 14.034 Executing VM operation: G1Concurrent done
Event: 14.039 Executing VM operation: G1CollectForAllocation
Event: 14.040 Executing VM operation: G1CollectForAllocation done
Event: 14.046 Executing VM operation: G1Concurrent
Event: 14.046 Executing VM operation: G1Concurrent done
Event: 14.069 Executing VM operation: G1CollectForAllocation
Event: 14.074 Executing VM operation: G1CollectForAllocation done
Event: 14.093 Executing VM operation: G1CollectForAllocation
Event: 14.100 Executing VM operation: G1CollectForAllocation done
Event: 14.263 Executing VM operation: G1CollectForAllocation
Event: 14.271 Executing VM operation: G1CollectForAllocation done
Event: 14.411 Executing VM operation: G1CollectForAllocation
Event: 14.430 Executing VM operation: G1CollectForAllocation done
Event: 14.559 Executing VM operation: G1CollectForAllocation


Dynamic libraries:
0x00007ff6098e0000 - 0x00007ff6098ed000 	C:\Users\18018\.p2\pool\plugins\org.eclipse.justj.openjdk.hotspot.jre.full.win32.x86_64_15.0.1.v20201027-0507\jre\bin\javaw.exe
0x00007ffa00000000 - 0x00007ffa00209000 	C:\WINDOWS\SYSTEM32\ntdll.dll
0x00007ff9ff440000 - 0x00007ff9ff4fd000 	C:\WINDOWS\System32\KERNEL32.DLL
0x00007ff9fd890000 - 0x00007ff9fdc0c000 	C:\WINDOWS\System32\KERNELBASE.dll
0x00007ff9fdcb0000 - 0x00007ff9fddc1000 	C:\WINDOWS\System32\ucrtbase.dll
0x00007ff9e4170000 - 0x00007ff9e4189000 	C:\Users\18018\.p2\pool\plugins\org.eclipse.justj.openjdk.hotspot.jre.full.win32.x86_64_15.0.1.v20201027-0507\jre\bin\VCRUNTIME140.dll
0x00007ff9e4db0000 - 0x00007ff9e4dc8000 	C:\Users\18018\.p2\pool\plugins\org.eclipse.justj.openjdk.hotspot.jre.full.win32.x86_64_15.0.1.v20201027-0507\jre\bin\jli.dll
0x00007ff9ffd50000 - 0x00007ff9ffefd000 	C:\WINDOWS\System32\USER32.dll
0x00007ff9e55a0000 - 0x00007ff9e5845000 	C:\WINDOWS\WinSxS\amd64_microsoft.windows.common-controls_6595b64144ccf1df_6.0.22000.120_none_9d947278b86cc467\COMCTL32.dll
0x00007ff9fd6f0000 - 0x00007ff9fd716000 	C:\WINDOWS\System32\win32u.dll
0x00007ff9ff8a0000 - 0x00007ff9ff943000 	C:\WINDOWS\System32\msvcrt.dll
0x00007ff9ff800000 - 0x00007ff9ff829000 	C:\WINDOWS\System32\GDI32.dll
0x00007ff9fd4e0000 - 0x00007ff9fd5f9000 	C:\WINDOWS\System32\gdi32full.dll
0x00007ff9fdc10000 - 0x00007ff9fdcad000 	C:\WINDOWS\System32\msvcp_win.dll
0x00007ff9fe5d0000 - 0x00007ff9fe601000 	C:\WINDOWS\System32\IMM32.DLL
0x00007ff9f9040000 - 0x00007ff9f904c000 	C:\Users\18018\.p2\pool\plugins\org.eclipse.justj.openjdk.hotspot.jre.full.win32.x86_64_15.0.1.v20201027-0507\jre\bin\vcruntime140_1.dll
0x00007ff9d5e00000 - 0x00007ff9d5e91000 	C:\Users\18018\.p2\pool\plugins\org.eclipse.justj.openjdk.hotspot.jre.full.win32.x86_64_15.0.1.v20201027-0507\jre\bin\msvcp140.dll
0x00007ff9a6020000 - 0x00007ff9a6b7e000 	C:\Users\18018\.p2\pool\plugins\org.eclipse.justj.openjdk.hotspot.jre.full.win32.x86_64_15.0.1.v20201027-0507\jre\bin\server\jvm.dll
0x00007ff9ff150000 - 0x00007ff9ff1fe000 	C:\WINDOWS\System32\ADVAPI32.dll
0x00007ff9fe520000 - 0x00007ff9fe5be000 	C:\WINDOWS\System32\sechost.dll
0x00007ff9ff510000 - 0x00007ff9ff630000 	C:\WINDOWS\System32\RPCRT4.dll
0x00007ff9ff500000 - 0x00007ff9ff508000 	C:\WINDOWS\System32\PSAPI.DLL
0x00007ff9f3fa0000 - 0x00007ff9f3fd3000 	C:\WINDOWS\SYSTEM32\WINMM.dll
0x00007ff9f3fe0000 - 0x00007ff9f3fea000 	C:\WINDOWS\SYSTEM32\VERSION.dll
0x00007ff9ea3c0000 - 0x00007ff9ea3c9000 	C:\WINDOWS\SYSTEM32\WSOCK32.dll
0x00007ff9fe360000 - 0x00007ff9fe3cf000 	C:\WINDOWS\System32\WS2_32.dll
0x00007ff9fc630000 - 0x00007ff9fc648000 	C:\WINDOWS\SYSTEM32\kernel.appcore.dll
0x00007ff9f9e60000 - 0x00007ff9f9e6a000 	C:\Users\18018\.p2\pool\plugins\org.eclipse.justj.openjdk.hotspot.jre.full.win32.x86_64_15.0.1.v20201027-0507\jre\bin\jimage.dll
0x00007ff9faf80000 - 0x00007ff9fb1a1000 	C:\WINDOWS\SYSTEM32\DBGHELP.DLL
0x00007ff9e0140000 - 0x00007ff9e0171000 	C:\WINDOWS\SYSTEM32\dbgcore.DLL
0x00007ff9fd600000 - 0x00007ff9fd67f000 	C:\WINDOWS\System32\bcryptPrimitives.dll
0x00007ff9e3a20000 - 0x00007ff9e3a45000 	C:\Users\18018\.p2\pool\plugins\org.eclipse.justj.openjdk.hotspot.jre.full.win32.x86_64_15.0.1.v20201027-0507\jre\bin\java.dll
0x00007ff9eb1b0000 - 0x00007ff9eb1c8000 	C:\Users\18018\.p2\pool\plugins\org.eclipse.justj.openjdk.hotspot.jre.full.win32.x86_64_15.0.1.v20201027-0507\jre\bin\zip.dll
0x00007ff9fe610000 - 0x00007ff9fedc8000 	C:\WINDOWS\System32\SHELL32.dll
0x00007ff9fb640000 - 0x00007ff9fbea8000 	C:\WINDOWS\SYSTEM32\windows.storage.dll
0x00007ff9fedd0000 - 0x00007ff9ff149000 	C:\WINDOWS\System32\combase.dll
0x00007ff9fb4d0000 - 0x00007ff9fb636000 	C:\WINDOWS\SYSTEM32\wintypes.dll
0x00007ff9ff350000 - 0x00007ff9ff43a000 	C:\WINDOWS\System32\SHCORE.dll
0x00007ff9fde90000 - 0x00007ff9fdeed000 	C:\WINDOWS\System32\shlwapi.dll
0x00007ff9fd410000 - 0x00007ff9fd431000 	C:\WINDOWS\SYSTEM32\profapi.dll
0x00007ff9e4d60000 - 0x00007ff9e4d79000 	C:\Users\18018\.p2\pool\plugins\org.eclipse.justj.openjdk.hotspot.jre.full.win32.x86_64_15.0.1.v20201027-0507\jre\bin\net.dll
0x00007ff9f7fb0000 - 0x00007ff9f80bc000 	C:\WINDOWS\SYSTEM32\WINHTTP.dll
0x00007ff9fcaa0000 - 0x00007ff9fcb07000 	C:\WINDOWS\system32\mswsock.dll
0x00007ff9e4a40000 - 0x00007ff9e4a52000 	C:\Users\18018\.p2\pool\plugins\org.eclipse.justj.openjdk.hotspot.jre.full.win32.x86_64_15.0.1.v20201027-0507\jre\bin\nio.dll
0x00007ff9f8a40000 - 0x00007ff9f8a50000 	C:\Users\18018\.p2\pool\plugins\org.eclipse.justj.openjdk.hotspot.jre.full.win32.x86_64_15.0.1.v20201027-0507\jre\bin\verify.dll
0x00007ff9fc120000 - 0x00007ff9fc208000 	C:\WINDOWS\SYSTEM32\DNSAPI.dll
0x00007ff9fc0f0000 - 0x00007ff9fc11d000 	C:\WINDOWS\SYSTEM32\IPHLPAPI.DLL
0x00007ff9fe3d0000 - 0x00007ff9fe3d9000 	C:\WINDOWS\System32\NSI.dll
0x00007ff9f5f60000 - 0x00007ff9f5f6a000 	C:\Windows\System32\rasadhlp.dll
0x00007ff9f1cc0000 - 0x00007ff9f1d41000 	C:\WINDOWS\System32\fwpuclnt.dll
0x00007ff9fcd30000 - 0x00007ff9fcd48000 	C:\WINDOWS\SYSTEM32\CRYPTSP.dll
0x00007ff9fc590000 - 0x00007ff9fc5c5000 	C:\WINDOWS\system32\rsaenh.dll
0x00007ff9fcbe0000 - 0x00007ff9fcc09000 	C:\WINDOWS\SYSTEM32\USERENV.dll
0x00007ff9fcec0000 - 0x00007ff9fcee7000 	C:\WINDOWS\SYSTEM32\bcrypt.dll
0x00007ff9fcd50000 - 0x00007ff9fcd5c000 	C:\WINDOWS\SYSTEM32\CRYPTBASE.dll
0x00007ff9f5f70000 - 0x00007ff9f5f89000 	C:\WINDOWS\SYSTEM32\dhcpcsvc6.DLL
0x00007ff9f6100000 - 0x00007ff9f611e000 	C:\WINDOWS\SYSTEM32\dhcpcsvc.DLL

dbghelp: loaded successfully - version: 4.0.5 - missing functions: none
symbol engine: initialized successfully - sym options: 0x614 - pdb path: .;C:\Users\18018\.p2\pool\plugins\org.eclipse.justj.openjdk.hotspot.jre.full.win32.x86_64_15.0.1.v20201027-0507\jre\bin;C:\WINDOWS\SYSTEM32;C:\WINDOWS\WinSxS\amd64_microsoft.windows.common-controls_6595b64144ccf1df_6.0.22000.120_none_9d947278b86cc467;C:\Users\18018\.p2\pool\plugins\org.eclipse.justj.openjdk.hotspot.jre.full.win32.x86_64_15.0.1.v20201027-0507\jre\bin\server

VM Arguments:
jvm_args: -Dfile.encoding=Cp1252 -XX:+ShowCodeDetailsInExceptionMessages 
java_command: Pokédex
java_class_path (initial): C:\Users\18018\eclipse-workspace\307_final\bin;C:\Users\18018\eclipse-workspace\307_Database_Application\src\jsch-0.1.55.jar;C:\Users\18018\eclipse-workspace\307_Database_Application\src\mysql-connector-java-8.0.21.jar;C:\Users\18018\Downloads\xmlbeans-2.6.0.jar;C:\Users\18018\Downloads\poi-ooxml-schemas-3.17.jar;C:\Users\18018\Downloads\poi-ooxml-3.17.jar;C:\Users\18018\Downloads\poi-3.17.jar;C:\Users\18018\Downloads\commons-collections4-4.1.jar
Launcher Type: SUN_STANDARD

[Global flags]
     intx CICompilerCount                          = 3                                         {product} {ergonomic}
     uint ConcGCThreads                            = 2                                         {product} {ergonomic}
     uint G1ConcRefinementThreads                  = 6                                         {product} {ergonomic}
   size_t G1HeapRegionSize                         = 1048576                                   {product} {ergonomic}
    uintx GCDrainStackTargetSize                   = 64                                        {product} {ergonomic}
   size_t InitialHeapSize                          = 125829120                                 {product} {ergonomic}
   size_t MarkStackSize                            = 4194304                                   {product} {ergonomic}
   size_t MaxHeapSize                              = 1983905792                                {product} {ergonomic}
   size_t MaxNewSize                               = 1190133760                                {product} {ergonomic}
   size_t MinHeapDeltaBytes                        = 1048576                                   {product} {ergonomic}
   size_t MinHeapSize                              = 8388608                                   {product} {ergonomic}
    uintx NonNMethodCodeHeapSize                   = 5832780                                {pd product} {ergonomic}
    uintx NonProfiledCodeHeapSize                  = 122912730                              {pd product} {ergonomic}
    uintx ProfiledCodeHeapSize                     = 122912730                              {pd product} {ergonomic}
    uintx ReservedCodeCacheSize                    = 251658240                              {pd product} {ergonomic}
     bool SegmentedCodeCache                       = true                                      {product} {ergonomic}
     bool ShowCodeDetailsInExceptionMessages       = true                                   {manageable} {command line}
   size_t SoftMaxHeapSize                          = 1983905792                             {manageable} {ergonomic}
     bool UseCompressedClassPointers               = true                                 {lp64_product} {ergonomic}
     bool UseCompressedOops                        = true                                 {lp64_product} {ergonomic}
     bool UseG1GC                                  = true                                      {product} {ergonomic}
     bool UseLargePagesIndividualAllocation        = false                                  {pd product} {ergonomic}

Logging:
Log output configuration:
 #0: stdout all=warning uptime,level,tags
 #1: stderr all=off uptime,level,tags

Environment Variables:
PATH=C:/Users/18018/.p2/pool/plugins/org.eclipse.justj.openjdk.hotspot.jre.full.win32.x86_64_15.0.1.v20201027-0507/jre/bin/server;C:/Users/18018/.p2/pool/plugins/org.eclipse.justj.openjdk.hotspot.jre.full.win32.x86_64_15.0.1.v20201027-0507/jre/bin;C:\WINDOWS\system32;C:\WINDOWS;C:\WINDOWS\System32\Wbem;C:\WINDOWS\System32\WindowsPowerShell\v1.0\;C:\WINDOWS\System32\OpenSSH\;C:\Users\18018\AppData\Local\Microsoft\WindowsApps;;C:\Users\18018\OneDrive\Desktop\CMPT;
USERNAME=18018
OS=Windows_NT
PROCESSOR_IDENTIFIER=AMD64 Family 23 Model 96 Stepping 1, AuthenticAMD



---------------  S Y S T E M  ---------------

OS:
 Windows 10 , 64 bit Build 22000 (10.0.22000.708)
OS uptime: 50 days 9:30 hours

CPU: total 6 (initial active 6) (6 cores per cpu, 1 threads per core) family 23 model 96 stepping 1 microcode 0x0, cmov, cx8, fxsr, mmx, sse, sse2, sse3, ssse3, sse4.1, sse4.2, popcnt, vzeroupper, avx, avx2, aes, clmul, 3dnowpref, lzcnt, sse4a, tsc, tscinvbit, tscinv, bmi1, bmi2, adx, sha, fma, clflush, clflushopt

Memory: 4k page, system-wide physical 7564M (522M free)
TotalPageFile size 31099M (AvailPageFile size 212M)
current process WorkingSet (physical memory assigned to process): 251M, peak: 251M
current process commit charge ("private bytes"): 308M, peak: 638M

vm_info: OpenJDK 64-Bit Server VM (15.0.1+9-18) for windows-amd64 JRE (15.0.1+9-18), built on Sep 15 2020 14:39:31 by "mach5one" with unknown MS VC++:1925

END.
